38
WearOSLitev5
NellyY BakhodirD TatiyanaC JenK PhilippI
ResearchXv8
SundarP ClementM BakhodirW MatasC ClementE
SlidesNextv2
JenZ PhilippH
SmartSv2
FionaF SundarH PhilippK BenjaminT FionaN
SitesSv1
SergeyU ClementL
GameProv6
LarryO SusanQ StefanQ
MarsXv1
HiroshiF FionaJ MichalB MatasH
ChromeOSLitev3
PhilippP HiroshiW PhilippY
DaydreamLitev7
BenjaminO
FuchsiaXv6
SergeyV SundarA
StreamXv9
LarryO
StreamXv6
BenjaminO MatasC SergeyN ClementM ClementT
DocsNextv2
SundarP MatasC ClementL
GameProv3
PhilippY
WebserverProv6
PhilippP
ExploreUltrav8
BakhodirD ClementM SundarL PrabhakarR FionaJ SusanQ ClementE
ChromeNextv7
JenG BakhodirD PhilippY
ClassroomMaxv2
TatiyanaC SusanQ
MapsProv8
HiroshiW SergeyT BakhodirD
MarsUltrav8
PhilippI SergeyU SusanQ PhilippP StefanQ BenjaminT RuthX BakhodirG MatasW
StreetViewXv1
TatiyanaC MatasC FionaF
AndroidTVMaxv5
HiroshiF SundarP PhilippK
DuoZv4
ThomasK SundarP LarryX ClementT PhilippK RuthX ThomasM
ShoppingProv8
FionaN PhilippI
ShortsNextv7
FionaF PhilippY PrabhakarR
ConnectLitev9
SundarA
FeedBurnerMaxv3
TatiyanaC LarryO
MarsLitev5
BakhodirD TatiyanaC
StreetViewProv9
SundarA MatasC ClementE MatasW JenK PhilippK NellyY LarryO
DuoZv2
PhilippY SundarP FionaF
ReleaseUltrav1
FionaJ BakhodirD
GameLitev8
PhilippP PhilippK MatasW SergeyN
BuildMaxv1
MichalB RuthX NellyY PetarF SergeyV
CastOSProv6
BakhodirD
MapsSv7
SundarA PhilippK FionaF LarryO ClementM ThomasK MatasW LarryX ClementE BakhodirD
GlassOSLitev9
ClementT BakhodirG SundarA PhilippK HiroshiF PhilippH
SmartLitev9
JenZ ThomasK PhilippP
AndroidAutoZv2
PhilippH MatasC PhilippI LarryX SergeyU
