200
ClassroomProv4
c1198 c641 c740 c679 c874 c920 c184 c664 c1324 c4 c736 c956 c963 c212 c845 c701 c135 c1065 c899 c800 c551 c675 c1383 c737 c1257 c107 c1285 c1105 c615 c398 c1194 c1308 c425 c320 c517 c491 c26 c95 c960
ChromecastNextv2
c660 c192 c642 c754 c193 c1384 c708 c629 c592 c1452 c1474 c1124 c419 c1049 c442 c121 c105 c8 c1399 c1470 c1292 c524 c808 c63 c1476 c668 c563 c1388 c45 c1479 c1345 c1499 c185 c382 c15 c1058 c268 c824 c1353
ScholarXv7
c1128 c1125 c512 c1322 c1205 c179 c489 c856 c1253 c198 c847 c44 c1074 c657 c1271 c1169 c1093 c1251 c531 c1083 c453 c953 c1193 c1158 c111 c987 c1208 c955 c677 c195 c1048 c1111
GameZv2
c533 c1098 c570 c367 c1277 c188 c587 c670 c1321 c850 c1170 c204 c1237 c1439 c858 c1138 c1129 c767 c343 c461 c527 c726 c153 c640 c1442 c907
ClassroomProv8
c313 c1382 c316 c653 c344 c1491 c144 c421 c1232 c61 c1145 c1297 c416 c1444 c676 c529 c1042 c901 c1017 c854 c755 c358
ReleaseMaxv8
c383 c1411 c1027 c962 c1144 c187 c574 c411 c390 c833 c18 c1440 c375 c1314 c588 c904 c1106 c909 c1075 c200 c448 c862 c560 c1493 c40 c1234
TravelProv9
c1349 c1163 c1267 c1446 c663 c799 c666 c455 c608 c999 c161 c1433 c122 c829 c1262 c167 c1046 c1094 c1360 c235
AssistantSv6
c697 c1130 c31 c1183 c92 c1229 c1281 c1161 c1484 c271 c807 c766 c215 c622 c1055 c986 c530 c776 c11 c786 c995 c30 c499 c429 c802 c1459 c0 c949 c843 c1376 c1310 c83 c137 c331 c1428 c797 c1156 c326 c36 c812 c299 c12 c76 c828 c621
LoggingUltrav4
c160 c183 c325 c5 c744 c388 c738 c760 c624 c1 c1456 c518 c792 c337 c1071 c787 c852 c889 c932 c1223 c270 c561 c1110 c818 c1096 c537 c386 c938 c1057 c1295 c1013 c840 c859 c1157 c73 c813 c1307 c261 c578
MapsUltrav8
c834 c473 c599 c618 c753 c1243 c1238 c376 c277 c704 c394 c1062 c322 c397 c123 c686 c780 c46 c1039 c662 c969 c600 c1127 c168 c294 c538 c1029 c782 c1397 c162 c1385 c1270 c1073 c830 c723 c368 c1244 c707 c1016 c848 c945 c501 c333 c240 c558 c511 c779 c1350 c469 c509 c342 c169 c572 c305
ChromecastZv5
c1414 c1166 c977 c591 c1081 c1235 c361 c1291 c1134 c287 c145 c1079 c120 c51 c1338 c853 c1361 c41 c1204 c1363 c20 c1139 c851 c513 c1352 c575 c219 c939 c245 c612 c1395 c409 c1116 c25 c632 c1067 c276 c339 c68 c1231 c283
SheetsZv6
c1480 c1347 c842 c440 c1118 c1101 c174 c839 c791 c378 c788 c1152 c1217 c1343 c1469 c515 c190 c869 c217 c436 c535 c930 c982 c27 c774 c1438 c387 c1175 c1488 c928 c504 c97 c702 c1437 c72
ExploreZv2
c1195 c236 c267 c961 c231 c414 c722 c488 c1464 c437 c85 c341 c739 c1315 c892 c725 c905 c319 c933 c564 c1451 c1197 c1133 c603 c211 c921 c1102 c1424 c764 c16 c573 c1378 c1107 c1012 c243 c96 c229 c1490 c454 c991 c1252 c1423 c882 c420 c1064 c238 c459 c1305 c1282 c865 c1368 c434 c55 c589 c22 c878 c483
AndroidSv7
c303 c646 c401 c557 c1434 c732 c1191 c1471 c710 c1224 c2 c1117 c669 c1141 c1100 c1061 c208 c1468 c941 c142 c1142 c47 c946 c1088 c431
ChromeSv2
c1137 c544 c1460 c370 c526 c502 c790 c559 c449 c747 c913 c645 c1171 c79 c891 c785 c1449 c475 c1182 c998 c584 c625 c1364 c327 c536 c965 c616 c467 c1398 c978 c1218 c638 c372 c106 c966 c532 c943 c715 c1286 c717 c493 c586 c627 c1473 c844 c761 c3 c687 c157 c496 c1032 c1435
ImagesSv4
c959 c1298 c968 c1103 c661 c384 c598 c1374 c979 c821 c1086 c1316 c462 c203 c1254 c1113 c1275 c789 c100 c993 c498 c1432 c1151 c954 c970 c630 c364 c1242 c173 c1214 c150 c1418 c619 c967 c908 c919 c952 c1184 c477 c528 c911 c1467 c94 c1289 c864 c1056 c403 c323 c628 c1287 c553 c1155 c626
BooksXv3
c522 c441 c1412 c346 c263 c1028 c1356 c407 c935 c566 c1373 c804 c1245 c355 c220 c997 c1269 c399 c718 c872
AlertsZv3
c293 c1266 c1255 c1240 c693 c426 c816 c1445 c1483 c250 c1037 c1425 c21 c427 c171 c742 c887 c443 c450 c942 c412 c457
StreamXv2
c927 c49 c1320 c468 c826 c1357 c234 c1187 c60 c1268 c635 c689 c900 c415 c763 c770 c134 c189 c846 c1043 c918 c540 c69 c302 c748 c860 c1185 c288 c140 c65 c580 c910 c1370 c1379 c1265 c1358 c1348 c24 c1226 c1150 c334 c233 c143 c898 c1372 c543 c396 c674 c699 c1355 c769 c884 c1290 c109 c716 c1246 c1462 c508 c108
StreamZv6
c610 c165 c1429 c1050 c93 c129 c1294 c1276 c466 c252 c985 c1457 c680 c255 c1034 c114 c80 c682 c1273 c1120 c795 c541 c380 c67 c279 c1018 c1293 c714 c126 c395 c353 c230 c1299 c1344 c350 c404 c1005 c1482 c1063 c690 c1172 c290 c139 c1045 c1280 c1047 c1109 c163 c1391 c729 c84 c424 c349 c1099
FormsNextv5
c803 c130 c579 c1149 c656 c1206 c1481 c274 c548 c400 c917 c1487 c379 c470 c1461 c155 c583 c1319 c32 c1318 c82 c981 c52 c1256 c202 c775 c48 c539 c147 c1180 c1296 c712 c1317 c58 c1492 c1454 c1260 c224 c514 c1284 c1325 c1023 c13 c673 c649 c647 c1279 c1033 c197 c1059 c1192 c1036 c525 c278 c1078
SitesUltrav3
c64 c1404 c1264 c1041 c611 c445 c1173 c1304 c38 c597 c43 c490 c1309 c542 c1333 c1407 c487 c66 c793 c809 c444 c1213 c393 c1354 c1076 c348 c1221 c1478 c631 c56 c118 c91 c330 c159 c223 c903 c110 c881 c1250 c827 c947 c875 c700 c366 c228 c476 c547
ConnectNextv4
c980 c1021 c1176 c696 c1084 c1174 c479 c593 c391 c1329 c1054 c652 c1302 c1091 c42 c582 c315 c944 c886 c1006 c311 c102 c1455 c289 c728 c568 c239 c298 c1419 c507 c1167 c906 c801 c731 c721 c1222 c62 c1288 c554 c284
SitesXv7
c929 c912 c1201 c335 c1230 c1060 c897 c1104 c1122 c264 c895 c876 c1051 c99 c1403 c351 c768 c218 c1283 c422 c819 c665 c369 c389
ReleaseZv9
c1400 c964 c934 c634 c1015 c931 c855 c259 c523 c604 c374 c1143 c994 c408 c1200 c158 c1112 c1001 c29 c1030 c556 c894 c817 c810 c773 c893 c242 c879 c617 c19 c672 c1415 c486 c534 c678 c1040 c1219 c654 c149 c1394 c1463 c112 c1066 c257 c307 c950 c1406 c724 c849
AndroidAutoUltrav1
c78 c857 c759 c181 c1420 c822 c385 c500 c613 c23 c648 c651 c1020 c1386 c914 c1300 c510 c210 c1410 c733 c54 c555 c1038 c685 c735 c1070 c324 c433 c103 c1427 c59 c992 c650 c863 c237 c1247 c221
AndroidLitev9
c506 c75 c1337 c474 c1026 c916 c225 c481 c77 c957 c413 c806 c1402 c1335 c1380 c1035 c321 c417 c751 c116 c805 c88 c1447 c835 c1362 c825 c713
LearnProv6
c439 c783 c983 c590 c667 c1390 c975 c1367 c730 c1369 c306 c266 c478 c727 c752 c545 c1087 c50 c866 c495 c1381 c841 c915 c1430 c81 c432 c1188 c924 c877 c1450 c1413 c688 c1209 c57 c291 c1303 c1258 c115 c778 c1019 c74 c989 c310 c430 c301 c1164 c336 c1497 c101 c405
PatentsLitev8
c815 c973 c132 c571 c639 c1186 c1466 c546 c119 c1181 c9 c1146 c681 c304 c133 c253 c90 c1342 c1336 c280 c1136 c1408 c172 c1082 c576 c166 c614 c226 c1328 c272 c1227 c1330 c338 c340 c1239 c141 c33 c70 c1496 c1022 c1080 c719 c671 c1351 c1341 c1212 c1089 c1249 c356
CurrentsXv5
c205 c297 c1095 c39 c269 c1278 c1123 c402 c867 c1131 c354 c771 c831 c244 c1147 c925 c485 c636 c213 c516 c1485 c1371 c464 c1077 c1053 c521 c1162 c1346 c1393 c1426 c606 c363 c1311 c1259 c1405
PhotoNextv6
c765 c703 c1489 c1002 c1203 c1366 c1340 c446 c1421 c902 c990 c996 c232 c741 c104 c53 c1126 c1339 c214 c1097 c309
LoggingUltrav9
c609 c281 c1177 c1072 c1189 c777 c1069 c1441 c1000 c880 c644 c352 c1225 c923 c154 c1377 c1114 c1044 c381 c1004
MapsZv4
c1159 c1359 c1313 c659 c460 c1014 c720 c7 c1068 c562 c1416 c711 c438 c709 c1323 c1272 c282 c227 c1160 c14 c251 c136 c1472 c113 c492 c170 c1443 c1011 c937 c811 c1121 c87 c484 c300 c117 c180 c124 c1263 c86
CastOSSv8
c458 c286 c820 c1331 c890 c585 c447 c1422 c838 c199 c329 c1140 c1220 c503 c317 c191 c258 c1326 c922 c871
DuoMaxv4
c734 c781 c241 c883 c472 c312 c275 c694 c1396 c837 c870 c1436 c1312 c494 c285 c480 c936 c456 c428 c705 c1453 c552 c1448 c292 c1465 c602 c347 c318 c1031 c222 c796 c519 c823 c497 c423 c216 c1196 c71 c1477 c1327
CastOSXv2
c743 c832 c1115 c211 c248 c360 c1495 c691 c273 c1119 c1012 c958 c414 c1332 c418 c749 c308 c365 c757 c882 c601 c1199
ShoppingUltrav8
c471 c1216 c1025 c569 c357 c156 c55 c1009 c178 c125 c131 c594 c341 c758 c842 c951 c1215 c1475 c152 c607 c1401 c620 c1301 c683 c17 c633
MarsProv2
c319 c984 c207 c1007 c605 c746 c1306 c1211 c1241 c146 c295 c37 c1135 c10 c1464 c452 c451 c550 c196 c577 c1228 c332 c377 c406 c98 c1252 c643 c1052 c836 c265 c739 c6 c206 c1024
MapsLitev1
c236 c35 c262 c194 c436 c96 c505 c603 c623 c1168 c133 c392 c772 c991 c861 c1107 c410 c1375 c905 c565 c488 c16 c1165
SecureLitev1
c434 c1178 c930 c378 c1365 c684 c1102 c750 c762 c1152 c138 c70 c362 c695 c128 c1090 c614 c873 c1064 c246
SecureProv9
c217 c706 c256 c226 c186 c1179 c175 c788 c1368 c1334 c1351 c1154 c238 c1431 c1409 c745 c435 c926 c1148 c176 c1342
StreamUltrav2
c974 c658 c549 c1437 c254 c1498 c238 c328 c784 c638 c440 c764 c892 c247 c573 c1486 c1190 c692 c1207 c515 c896 c596 c437 c1282 c106 c373 c976 c584 c1133 c982 c722 c371 c243 c1392 c249 c526 c961 c97 c1153 c1239 c496 c972 c1175 c482 c798 c359
VoiceNextv7
c151 c544 c420 c1118 c971 c27 c933 c493 c1210 c567 c940 c1233 c865 c888 c89 c928 c85 c756 c296 c839 c1179 c1108 c1181 c1195 c1274 c260 c1343 c1315 c1490 c1417 c921 c1085 c1202 c177
FlightsSv2
c725 c164 c226 c1082 c465 c1132 c774 c182 c1003 c253 c1409 c1218 c1424 c1008 c576 c34 c1480 c698 c1254 c498 c589 c1261 c119 c267 c1184 c1249 c166 c314 c1469 c1389 c229 c148 c1423 c598 c370 c1342 c815 c1217 c868 c988 c973 c1092 c719 c546 c790 c483 c174 c272
GroupsUltrav2
c1298 c1182 c637 c345 c100 c1197 c172 c791 c256 c536 c626 c1408 c340 c745 c998 c869 c1248 c1137 c1146 c477
AndroidSv3
c1186 c1364 c459 c1136 c72 c1010 c431 c789 c398 c1466 c22 c1488 c687 c948 c491 c209 c1387 c844 c1438 c303 c911 c1148 c535 c581 c571 c814 c1418 c231 c1374 c1330 c1151 c454 c965 c702 c387 c625 c1431 c190 c1378 c403 c520 c715 c794 c788 c627 c532 c33 c28
SkyXv9
c1458 c1451 c173 c874 c655 c845 c761 c435 c217 c1351 c425 c1080 c356 c878 c1286 c1191 c785 c1214 c920 c127 c192 c338 c1496 c1171 c993 c1236 c1449 c462 c1328 c559 c952 c524 c926 c968 c9 c1242 c90 c4 c1368 c1494 c1141 c821 c1336 c563 c966 c639 c105 c26 c954 c891
GlassOSZv7
c1113 c135 c1117 c1212 c1341 c629 c732 c824 c551 c79 c943 c1124 c642 c586 c1285 c1347 c1474 c141 c157 c641 c502 c1479 c736 c959 c417 c1105 c475 c372 c413 c94
SlidesZv6
c1101 c142 c186 c504 c1467 c963 c201 c679 c1032 c970 c327 c1455 c77 c1046 c225 c132 c401 c1305 c1086 c1089 c978 c1446 c203 c1176 c615 c1434 c592 c449 c906 c979 c8 c941 c1499 c1471 c1337 c1154 c706 c967 c1065 c1353 c176
ResearchLitev3
c304 c946 c193 c630 c660 c1432 c467 c805 c1194 c1021 c1061 c564 c652 c212 c507 c645 c1222 c595 c908 c1335 c175 c167 c717 c835 c1499 c1421 c327 c885 c1362 c616 c1316 c3 c1460 c1302 c225 c463
CurrentsLitev2
c1334 c1289 c701 c956 c979 c1122 c1446 c913 c1026 c747 c671 c384 c666 c1308 c557 c280 c309 c99 c1476 c1380 c679 c661 c121 c1329 c1473 c681 c619 c1384 c1022 c77 c315 c1435 c768 c886 c615 c75
GroupsProv1
c721 c268 c944 c1155 c1100 c1288 c960 c442 c1224 c1174 c185 c929 c116 c1383 c1340 c321 c401 c1103 c528 c2 c1287 c916 c804 c1056 c899 c997 c208 c553 c1035 c980 c1176 c668 c1324 c1292 c47 c63
FinanceLitev1
c628 c1028 c186 c399 c708 c963 c1049 c801 c737 c713 c298 c751 c1275 c1051 c1167 c1009 c45 c999 c1227 c754 c1215 c184 c1366 c978 c1398 c102 c1447 c15 c1032 c203 c1345 c263 c864 c150
DriveNextv5
c1470 c107 c1419 c593 c800 c1402 c320 c765 c1366 c1198 c957 c289 c1084 c808 c906 c364 c710 c474 c1065 c1452 c675 c829 c1349 c728 c53 c646 c346 c449 c683 c1257 c357 c594 c16 c731
OsZv8
c382 c582 c664 c220 c876 c1245 c152 c284 c554 c696 c88 c1468 c1001 c391 c569 c669 c806 c1058 c772 c1066 c1094 c156 c125 c232 c970 c1028 c1412 c941 c718 c568 c1467 c1163 c740 c96 c1091 c62 c355 c1401 c479 c239 c201 c1337 c990 c895 c235 c1060 c104 c1168 c95 c517 c1283 c214 c919 c471 c42 c1305
GmailZv1
c522 c1339 c994 c1107 c1126 c1489 c1097 c1324 c102 c218 c341 c392 c1101 c607 c419 c1088 c1009 c1051 c1262 c1203 c1040 c1176
AndroidTVSv9
c1142 c566 c861 c687 c603 c1025 c1287 c29 c1215 c721 c504 c403 c754 c1167 c741 c122 c997 c1032 c1434 c446 c702 c1345 c1103
CalendarProv8
c1400 c1056 c905 c1224 c737 c1154 c996 c931 c1433 c442 c264 c825 c1447 c897 c1030 c1360 c523 c625 c789 c799 c1375
MapsSv2
c1054 c1143 c951 c441 c131 c794 c1275 c303 c398 c178 c481 c911 c879 c1104 c634 c842 c967 c1399 c176 c1471 c8 c801 c236 c872 c703 c1406 c608 c1165 c1388 c161 c488 c455 c623 c751 c535
FinanceProv4
c1387 c894 c142 c185 c263 c158 c758 c236 c997 c581 c1200 c242 c1155 c665 c190 c203 c899 c702 c1398 c436 c663 c1046
PhotoLitev1
c855 c950 c810 c351 c1356 c528 c55 c1455 c1230 c1049 c1406 c754 c398 c1112 c311 c22 c916 c17 c1086 c1475 c1174
CalendarMaxv7
c844 c1301 c335 c323 c520 c713 c951 c1353 c634 c422 c1201 c978 c1383 c1089 c1143 c72 c1269 c654 c116 c935 c399 c133 c565 c1219 c687 c1387 c965
DuoZv7
c819 c1035 c912 c410 c504 c150 c144 c208 c849 c934 c307 c1006 c724 c1032 c1394 c1165 c295 c15 c406 c902 c19 c1373 c706 c1227 c35 c1403 c893 c708 c535 c236 c303
PatentsZv3
c991 c257 c672 c194 c209 c1463 c864 c556 c374 c186 c149 c1306 c262 c741 c604 c303 c321 c1399 c1186 c617 c132 c1488 c794 c27 c532 c534 c550 c964 c608 c633 c879 c112 c628 c1340 c773 c389 c566 c184 c663 c544 c1382 c351 c47 c997
GameSv2
c1025 c403 c505 c406 c459 c408 c1288 c29 c491 c146 c1151 c1002 c295 c814 c45 c486 c1471 c715 c653 c963 c1179 c1406 c1174 c298 c751 c316 c401 c944 c1292 c63 c1275 c158 c842 c1155
ShoppingUltrav6
c1148 c1233 c303 c1049 c8 c861 c1287 c441 c464 c22 c1485 c1431 c259 c804 c1374 c627 c1010 c1356 c37 c1267 c1228 c2 c1388 c771 c746 c407 c581 c1438 c1179 c1444 c454 c1216 c967 c916 c344 c755 c321 c528 c1415 c262 c980 c178 c721 c161 c369
PixelMaxv2
c1136 c899 c15 c1167 c332 c421 c1104 c854 c1398 c236 c488 c1174 c801 c739 c1407 c268 c358 c190 c855 c1015 c1466 c912 c194 c592 c929 c297 c553 c387 c61 c1100 c571 c535 c431 c1108 c964 c112 c1345 c1340 c1393 c934 c506 c231 c1475
SkyNextv7
c836 c1042 c27 c260 c544 c1112 c894 c1186 c901 c643 c17 c1418 c263 c603 c960 c446 c678 c676 c788 c971 c1118 c149 c1378 c620 c265 c455 c319 c672 c849 c1211 c1252 c1364 c872 c91 c269 c311 c817 c410 c131 c577 c556
ChromeUltrav3
c377 c436 c505 c1085 c888 c1274 c47 c1032 c28 c1103 c665 c316 c605 c185 c724 c948 c110 c146 c1006 c623 c55
NewsZv2
c150 c406 c1052 c611 c1200 c351 c809 c56 c1024 c389 c1490 c481 c228 c1155 c1343 c668 c1455 c810 c1118 c203 c269 c903 c1241 c398 c1086 c208 c1333 c19 c112 c702 c875 c739
ShoppingNextv6
c754 c491 c1215 c633 c1407 c420 c678 c864 c1195 c1464 c758 c997 c672 c715 c963 c940 c64 c416 c257 c1252 c535 c899 c1054 c532 c1145
DataUltrav8
c1315 c196 c1232 c493 c366 c149 c98 c708 c756 c1394 c1434 c676 c628 c751 c928 c606 c1304 c485 c643 c794 c298 c703 c971 c1131 c297 c1227 c408 c144 c112 c1181
DriveMaxv5
c269 c933 c1142 c451 c827 c1491 c1195 c66 c741 c1007 c1488 c706 c1404 c504 c893 c925 c1017 c33 c608 c445 c1211 c1371 c244 c604
NewsXv4
c452 c899 c1330 c265 c542 c597 c1135 c1311 c310 c964 c999 c6 c567 c901 c10 c991 c879 c393 c1202 c865 c1077 c535 c1406 c35 c1186 c159 c213 c788 c374 c550 c854 c636 c547 c176 c208 c793 c1174 c27 c295 c544
YouTubeXv1
c354 c819 c506 c184 c1309 c1398 c1145 c1278 c132 c177 c1306 c416 c839 c1015 c1188 c209 c653 c606 c1288 c566 c476 c242 c617 c122 c446 c38 c739 c151 c149 c1046 c700 c911 c944 c631 c158 c1250 c1035 c298 c313 c1340
ChromeOSMaxv2
c402 c809 c1382 c319 c403 c1346 c529 c307 c921 c17 c1200 c91 c363 c43 c310 c1417 c207 c912 c902 c268 c947 c486 c950 c1297 c296 c401 c516 c455 c1393 c556 c228 c332
ChatLitev7
c1275 c773 c1053 c410 c534 c899 c61 c703 c1364 c864 c291 c855 c89 c1087 c190 c1354 c663 c64 c63 c1230 c831 c1232 c39 c1041 c15 c487 c903 c814 c603 c727 c223 c1418 c545 c1213 c1112 c236 c842 c6 c112 c205 c1147 c1095 c535 c1252 c1024 c1426 c984 c752 c186 c1434 c257
LoggingProv9
c1373 c881 c1131 c310 c1042 c1471 c387 c1162 c1104 c495 c971 c836 c1165 c1390 c1477 c472 c872 c1343 c490 c1403 c1151 c997 c1367 c351 c348 c206 c1164 c488 c801 c85 c1221 c493 c756 c1052 c358 c810 c101 c142 c708 c406 c19 c481 c672 c432 c263 c1466
StorageUltrav2
c1025 c1413 c963 c1123 c1108 c131 c894 c817 c330 c975 c960 c1405 c554 c577 c144 c715 c875 c439 c1215 c1086 c1264 c50 c1304 c901 c431 c28 c989 c1076 c1478 c420 c201 c208 c421 c1094 c1407 c592 c239 c366 c1173 c628
MoonMaxv6
c389 c636 c1241 c1292 c1167 c772 c402 c620 c1135 c232 c110 c1186 c1436 c597 c405 c115 c794 c1463 c550 c521 c1455 c1103 c45 c1200 c783 c934 c213 c1396 c486 c1155 c1490 c260 c532
MapsXv8
c118 c849 c159 c529 c991 c552 c1258 c547 c895 c393 c1060 c702 c231 c623 c983 c870 c1058 c81 c1174 c144 c156 c260 c1136 c867 c1311 c478 c694
SitesProv2
c455 c1464 c363 c1345 c793 c924 c554 c877 c667 c582 c1209 c297 c57 c1210 c480 c459 c497 c444 c1399 c295 c1406 c553 c401 c964 c150 c494 c1259 c382 c98 c284 c544
WearOSProv5
c459 c144 c1085 c1378 c62 c696 c491 c1465 c10 c633 c1305 c1312 c220 c1060 c194 c1430 c611 c216 c1337 c1202 c266 c319 c571
BloggerLitev6
c636 c214 c948 c1330 c590 c928 c436 c497 c56 c668 c336 c1497 c1118 c1002 c403 c311 c915 c694 c1245 c1100 c316 c1393 c1450 c42 c260 c809
FormsNextv1
c796 c1333 c95 c228 c754 c1227 c950 c730 c1407 c879 c377 c471 c318 c196 c676 c1394 c542 c605 c895 c374 c201 c999
ChromeLitev7
c17 c185 c285 c330 c734 c1407 c1381 c1436 c794 c919 c452 c894 c940 c27 c678 c1181 c1006 c275 c29 c146 c841 c602 c1077 c265 c772 c1174 c883 c1031 c312 c96 c837 c688 c456 c823 c430 c1315 c936 c232 c1091 c778 c550 c201 c431 c730 c150 c1453 c505 c1094 c301 c176 c1066 c207 c95 c159 c35
ImagesZv5
c110 c1346 c74 c1163 c866 c91 c408 c428 c1297 c628 c292 c436 c491 c152 c1303 c1209 c556 c806 c403 c1123 c989 c929 c669 c1475 c1468 c1305 c519 c895 c705 c1019 c402 c241 c1283 c486 c902 c664 c497 c55 c643 c391 c865 c1417 c1369 c888 c947 c1076 c332 c239 c88 c71 c355 c1448 c1032 c529 c1259
OsProv6
c1401 c1168 c45 c590 c144 c975 c788 c636 c568 c1215 c817 c131 c268 c1103 c1382 c266 c307 c1136 c216 c854 c1304 c783 c1333 c1060 c1210 c213 c521 c203 c875 c702 c960 c912 c235 c1100 c347 c970 c471 c1001 c1274 c928 c208 c1058 c1406 c516 c592 c1312 c605 c423 c796 c567 c1455 c876 c485 c620 c1200 c1186 c125
VideoProv1
c879 c389 c152 c311 c1345 c1085 c1054 c1305 c1478 c194 c554 c363 c398 c636 c1028 c783 c296 c260 c791 c870 c144 c1202 c963 c71 c104 c231 c1467 c718 c318 c611
DaydreamUltrav1
c934 c366 c901 c866 c740 c867 c758 c1155 c1002 c491 c28 c1413 c74 c297 c702 c1464 c306 c781 c421 c1118 c336 c1258 c924 c1025 c694 c751 c941 c556 c948 c228 c497 c1490 c439 c57 c754 c715 c436 c990 c1060 c47 c547 c1197 c895 c284 c724
PhotoProv2
c1475 c1060 c1465 c1450 c895 c374 c428 c1173 c125 c1345 c1430 c1448 c793 c516 c118 c144 c536 c1227 c577 c81 c1167 c479 c1327 c877 c355 c590 c497 c1197 c921
DataSv1
c455 c1021 c668 c216 c43 c652 c1241 c865 c1108 c403 c1196 c928 c478 c1135 c295 c983 c1333 c1292 c552 c391 c597 c1396 c345 c1406 c241 c835 c1264 c1405 c213 c156 c1202 c98 c56 c1311 c854 c582 c214 c110 c991 c459 c292 c964 c1330 c1393 c705
FinanceNextv3
c347 c990 c423 c739 c222 c911 c783 c10 c626 c1215 c544 c1002 c382 c1378 c115 c788 c401 c1145 c849 c532 c196 c623 c1032 c405 c970 c866 c1401 c517 c319 c564 c796 c781 c439 c131 c463 c950 c519 c989 c316 c669 c901 c758 c444 c664 c1394
BooksLitev3
c1168 c172 c1248 c62 c569 c964 c91 c1028 c1298 c1417 c506 c667 c1369 c1297 c715 c542 c1467 c260 c1399 c611 c835 c421 c908 c1085 c568 c934 c1463 c55 c1412 c311 c1258 c477 c1337 c876 c702 c616 c239 c1001 c436 c1186 c652 c402 c660 c455 c152 c717
SlidesMaxv8
c366 c3 c628 c754 c1245 c631 c480 c571 c809 c47 c547 c266 c167 c43 c592 c999 c875 c216 c242 c494 c158 c554 c213 c471 c1103 c605 c1413 c1163 c1497 c389 c377 c332 c751 c696 c1222 c100 c318 c564 c393 c1499 c241 c208 c1146
YouTubeMaxv8
c363 c1076 c963 c1209 c869 c88 c1340 c919 c1182 c1137 c1468 c941 c781 c1432 c177 c57 c630 c347 c924 c203 c1200 c483 c1181 c463 c1304 c1499 c1312 c1217 c1025 c1222 c529 c791 c184 c947 c498 c718 c998 c975 c1259
PatentsProv3
c225 c912 c1305 c1123 c929 c1188 c491 c1155 c1309 c1058 c307 c158 c553 c867 c95 c1464 c47 c485 c694 c1393 c960 c665 c643 c1406 c1382 c1108 c304 c235 c740 c1389 c1019 c110 c42 c340 c915 c1035 c1196 c521
FuchsiaZv7
c620 c991 c1021 c1086 c796 c1302 c989 c739 c45 c676 c1460 c132 c336 c241 c724 c1455 c888 c1401 c532 c1015 c1250 c636 c556 c228 c98 c229 c194 c970 c167 c420 c1303 c467 c1311 c554 c564 c507 c1396 c870 c478 c214 c1032 c664 c597 c1346 c1210 c772 c439 c806 c1135 c3 c296 c1335 c209 c1333 c96 c56 c476
StreetViewZv4
c196 c854 c345 c805 c446 c944 c552 c633 c306 c96 c606 c115 c316 c911 c866 c582 c284 c1136 c567 c268 c1306 c772 c95 c669 c354 c1278 c901 c865 c739 c1250 c313 c370 c1478
ChromecastSv2
c403 c220 c794 c566 c1274 c973 c149 c875 c1398 c156 c272 c122 c739 c617 c592 c50 c131 c209 c1194 c297 c1100 c626 c909 c423 c292 c546 c27 c1241 c809 c595 c631 c1202 c571 c839 c990 c544 c1333 c1421 c637 c948 c946 c950 c1163 c1003 c175 c408 c1092 c576 c902 c999 c698
DatabaseUltrav7
c151 c212 c298 c193 c38 c1188 c623 c688 c74 c700 c772 c1094 c817 c119 c823 c705 c366 c486 c1184 c788 c1145 c879 c1378 c216 c819 c319 c1408 c256 c253 c150 c275 c928 c1288 c265 c1316 c148 c751 c226 c1210 c668 c159 c1283 c100 c208 c1405 c517 c318 c71 c1118 c1218 c201 c104 c745 c1103 c653 c452
PhotoZv5
c229 c1215 c231 c696 c444 c416 c405 c1362 c1075 c28 c1292 c516 c719 c1305 c1002 c676 c1306 c1006 c398 c266 c989 c589 c507 c47 c1249 c552 c1460 c783 c1396 c494
SkyUltrav9
c1082 c312 c306 c355 c1407 c774 c390 c837 c645 c1393 c377 c96 c1197 c1469 c225 c318 c983 c849 c1261 c1094 c1015 c1177
TranslateProv2
c644 c1031 c401 c1086 c1448 c547 c345 c167 c988 c45 c391 c1342 c628 c330 c841 c465 c915 c1309 c1409 c166 c1382 c1136 c393 c242 c125 c740 c10 c734 c185 c1054 c332 c643 c29 c95 c35 c304 c1480 c815 c1330
FlightsUltrav5
c664 c1436 c1091 c1315 c207 c389 c1189 c1027 c214 c536 c164 c174 c1155 c478 c56 c788 c883 c456 c519 c1393 c1278 c167 c1061 c222 c620 c911 c1132 c790 c598 c393 c411 c144 c158 c606 c915 c382 c319
DreamUltrav9
c1290 c213 c497 c550 c970 c267 c758 c1004 c1069 c833 c285 c18 c216 c396 c96 c182 c1226 c448 c806 c1245
FlightsProv7
c228 c1144 c1066 c471 c1145 c354 c1413 c34 c1254 c1188 c431 c43 c327 c754 c1054 c176 c940 c459 c241 c420 c1302 c1035 c725 c960 c146 c605 c1355 c314 c115 c521 c867 c296 c1197
PhotoSv9
c1210 c1311 c564 c375 c901 c841 c1106 c1019 c1303 c430 c332 c854 c196 c1381 c235 c669 c912 c244 c1021 c590 c480 c644 c554 c1335 c265 c17 c1008 c904 c623 c1448 c1288 c1424 c532 c467 c187 c724 c602 c295 c888 c1188 c894 c1423 c1118 c1345 c936 c318 c1058 c1077 c486 c313 c301 c636 c193
SearchSv2
c754 c1394 c668 c1490 c110 c962 c1309 c1264 c918 c1401 c870 c1167 c194 c1174 c1440 c944 c1314 c71 c597 c778 c1044 c98 c844 c148 c1146 c116 c865 c1453 c3 c226 c1283 c1469 c796 c713 c150 c1218 c340 c1462 c242 c1382 c560 c582 c24 c1320 c588 c232 c1032 c1441 c505
OsXv9
c10 c1389 c154 c1250 c1493 c879 c336 c700 c1268 c1196 c885 c688 c284 c1408 c543 c880 c517 c108 c1225 c1379 c1000 c1411 c383 c1448 c1108 c428 c119 c740 c923 c1035 c1405 c298 c978 c694 c200 c485 c687 c302 c849 c605 c491
FlightsNextv3
c459 c143 c921 c665 c868 c1346 c1046 c1082 c201 c1390 c1135 c476 c1353 c244 c366 c74 c577 c772 c332 c929 c567 c1497 c159 c352 c1406 c556 c420 c225 c381 c468 c705 c465 c1123 c1475 c678 c60 c925 c862 c1185 c854 c151 c43 c866 c45 c817 c730 c819 c1060 c104 c774 c33 c275 c316
VideoUltrav2
c745 c1413 c1430 c330 c796 c1066 c1358 c815 c805 c232 c643 c1077 c734 c1177 c553 c439 c1227 c1089 c81 c1173 c1246 c370 c304 c406 c148 c653 c40 c777 c1316 c1150 c751 c140 c189 c1184 c1409 c377 c1477 c391 c635 c327 c609 c69 c1342 c741 c241 c1145 c208 c35 c1114 c268 c253 c898
KeepLitev6
c125 c1370 c134 c49 c212 c1086 c699 c574 c281 c406 c318 c547 c1355 c554 c1261 c1103 c1378 c895 c1015 c1309 c884 c1450 c674 c452 c1465 c1118 c479 c66 c1052 c669 c446 c232 c401 c910
StadiaProv2
c836 c306 c43 c668 c504 c1094 c962 c1327 c532 c988 c1335 c118 c251 c256 c1495 c1409 c1453 c769 c713 c867 c1031 c827 c95 c1464 c288 c1455 c1162 c109 c1413
GlassOSUltrav7
c308 c1177 c1167 c770 c654 c484 c316 c898 c33 c1054 c1136 c69 c521 c951 c1383 c805 c307 c492 c235 c1423 c125 c467 c540 c854 c644 c481 c314 c960 c226 c901 c40 c374 c29 c1254 c1491 c116 c354 c844
AndroidTVMaxv4
c1302 c34 c234 c1303 c1348 c837 c877 c1043 c269 c582 c1017 c312 c3 c608 c1197 c882 c1381 c754 c1373 c65 c724 c1440 c471 c997 c860 c1390 c1234 c1201 c1387 c1150 c912 c928 c187 c418 c420 c623 c375 c580 c567 c1032 c763 c1477 c430 c146 c1265 c340 c1187 c706 c1330 c1044 c669 c936 c345 c628 c689 c232 c894 c1368 c725
DrawingsLitev8
c480 c940 c1390 c748 c920 c1480 c716 c904 c1441 c334 c495 c132 c937 c1370 c313 c360 c918 c9 c1332 c749 c233 c1404 c757 c72 c98 c861 c508 c1146 c1301 c1394 c1144 c296 c185 c1106 c633 c774 c142 c888 c771 c468 c1174 c1314 c414 c1371 c49 c244 c597 c1288 c42 c192 c1373 c965 c1058 c348
NewsZv4
c636 c352 c150 c464 c1478 c471 c24 c627 c826 c225 c1008 c645 c1188 c493 c588 c187 c194 c1462 c1179 c777 c232 c1378 c4 c862 c1345 c425 c355 c691 c115 c1406 c743 c711 c705 c745 c1145 c1151 c17 c273 c390 c1353 c926 c756 c399 c1199 c811 c1488 c1210 c560 c1424 c900
GlassOSZv2
c1372 c1012 c933 c563 c38 c332 c323 c983 c189 c559 c60 c1407 c872 c1438 c547 c793 c881 c248 c778 c303 c335 c1014 c1242 c438
PatentsLitev7
c870 c1313 c754 c375 c1471 c1234 c159 c1021 c1017 c1443 c71 c445 c391 c746 c370 c431 c301 c1267 c590 c110 c1043 c422 c211 c196 c1430 c1477 c372 c672 c1330 c927 c944 c627 c811 c866 c929 c505 c604 c1068 c772 c387 c1212 c1089 c176 c635 c269 c1236 c351 c1195
TranslateNextv9
c567 c711 c1020 c1159 c208 c971 c1382 c1355 c170 c1469 c381 c1012 c634 c124 c19 c1043 c74 c1438 c406 c734 c884 c891 c1286 c488 c193 c148 c1242 c721 c1440
SearchNextv4
c551 c232 c451 c241 c1164 c1343 c1211 c725 c1142 c810 c324 c991 c865 c303 c1173 c201 c1214 c1407 c369 c1358 c1466 c796 c65 c642 c1184 c1114 c1212
DatasetSearchZv7
c609 c935 c1465 c674 c564 c1072 c86 c1263 c1265 c356 c1191 c1233 c1082 c1342 c565 c1313 c275 c500 c1119 c1219 c925 c415 c1357 c730 c720 c459 c823 c1066 c1104 c1377 c268 c841 c1143 c1007 c1165 c893 c755 c804 c958 c1410 c1381 c1401 c966 c432 c562 c665 c554 c801
ChatZv9
c1019 c1179 c921 c115 c559 c643 c1020 c846 c1323 c1416 c281 c85 c37 c228 c1015 c1462 c1123 c300 c377 c577 c928 c582 c811 c1450 c212 c234 c486 c832 c490 c265 c1221 c1008 c472 c699 c439 c732 c900 c330 c1171
ScholarZv1
c1020 c105 c1309 c420 c365 c1042 c815 c874 c553 c997 c1038 c1060 c462 c1115 c1367 c352 c811 c38 c943 c4 c321 c1103 c1160 c1403 c1011 c642
DatasetSearchUltrav4
c933 c1368 c594 c81 c318 c1356 c868 c601 c778 c22 c743 c140 c772 c1246 c1131 c253 c1497 c34 c1316 c1185 c1086 c206 c1477 c1049 c1118 c602 c810 c1117 c1478 c641 c166 c821 c872 c90 c8 c19 c187 c659 c332
CodeNextv2
c711 c1151 c1475 c708 c1415 c1261 c1145 c1359 c642 c1451 c1032 c1336 c927 c1242 c1267 c502 c891 c980 c281 c1374 c1444 c1150 c189 c524
FinanceSv2
c1388 c1494 c1197 c811 c878 c358 c1089 c733 c340 c1320 c959 c689 c327 c180 c310 c227 c425 c817 c763 c1227 c882 c14 c1141 c895 c613 c1179 c475 c464 c242 c822 c1287 c435 c1353 c669 c1424 c1269 c520 c117 c810 c407 c26
GlassOSNextv9
c2 c441 c1105 c1474 c248 c1077 c732 c741 c1286 c3 c992 c351 c1188 c282 c452 c1124 c7 c59 c650 c460 c493 c1020 c262 c127 c1438 c967 c263 c1348 c323 c756 c17 c745 c103 c479 c399 c594
AndroidTVProv9
c1021 c23 c113 c324 c926 c417 c910 c431 c1345 c1020 c736 c1089 c642 c1264 c1469 c232 c912 c372 c811 c556 c733 c1443 c777 c991 c159 c1351 c1148 c1347 c150 c45 c269 c366 c304 c627 c60 c894 c1218 c528 c471 c1261 c563 c1485 c37
SitesMaxv7
c900 c1285 c134 c1014 c1462 c300 c574 c217 c526 c1368 c445 c711 c104 c303 c821 c735 c66 c1496 c194 c761 c430 c881 c1303 c1020 c586 c639 c1372 c754 c594 c115 c954 c74 c936 c916 c173 c390 c983 c927 c731 c629 c1386 c971 c225 c369 c608 c464 c1470 c959 c1228 c1216 c391 c906 c746 c691 c301 c178
DaydreamSv6
c406 c232 c259 c201 c1458 c1017 c1010 c646 c635 c324 c157 c110 c106 c117 c796 c914 c1135 c78 c628 c862 c1201 c488 c193 c556 c1382 c1452 c1311 c1171 c1089 c837 c560 c1080 c181 c793 c734 c645 c189 c1450 c344 c1302 c101 c143 c870 c1471 c863 c824 c705 c79 c127
DocsZv8
c709 c1212 c763 c1388 c811 c675 c106 c706 c1115 c355 c54 c237 c97 c318 c785 c708 c1451 c1316 c1060 c808 c1012 c281 c559 c269 c594 c438 c4 c573 c1358 c1011
PhoneProv5
c1490 c352 c556 c161 c1440 c692 c24 c819 c385 c877 c210 c906 c2 c1427 c1020 c462 c1269 c1341 c580 c759 c1474 c921 c71 c375 c929 c865 c431 c551 c765 c357 c993 c832 c289 c505 c526 c345 c882 c1283 c16 c1488 c1234 c135 c810 c678 c1008 c1356 c944 c1449 c1017 c1043 c555
SitesProv9
c1330 c221 c1038 c1328 c312 c968 c967 c613 c927 c1044 c1267 c79 c1089 c446 c711 c1148 c590 c1430 c868 c1466 c176 c860 c997 c381 c1336 c351 c596 c811 c1458 c1105 c1195 c377 c373 c1084 c1049 c1117 c105 c1068 c418 c1479 c1444
DreamXv8
c141 c490 c1118 c106 c588 c1197 c454 c263 c751 c866 c1387 c1015 c577 c648 c1198 c653 c170 c1353 c338 c764 c1236 c211 c180 c584 c845 c472 c1121 c1246 c262 c65 c232 c212 c1020 c724 c1145 c1199 c1019 c8 c136 c364 c140 c1345 c1187 c16 c19 c1438 c475 c148 c1443 c623
DaydreamZv6
c586 c441 c1247 c373 c733 c793 c1032 c815 c201 c1438 c556 c401 c582 c1416 c604 c249 c310 c881 c150 c639 c643 c464 c196 c669 c743 c721 c872 c1089 c778 c34 c594 c3 c1141 c133 c210 c638 c370 c658 c884 c433 c496 c413 c627 c22 c1221 c103 c1269 c659 c1494 c124 c1286 c387 c1150 c346 c106 c1287 c926
ChartsLitev5
c1424 c1497 c1123 c1239 c324 c1348 c933 c451 c906 c35 c1474 c983 c635 c440 c1052 c1368 c746 c927 c332 c547 c479 c683 c1272 c777 c736 c759 c486 c1214 c471 c85 c1343 c1406 c1420 c1021 c100 c1382 c1359 c90 c1485 c253 c608 c573 c439 c549 c452 c338 c1402 c117 c1346 c7
StreetViewLitev5
c482 c1020 c462 c1355 c1164 c811 c282 c722 c1065 c94 c181 c708 c629 c303 c1477 c560 c976 c273 c1017 c1437 c796 c1242 c17 c321 c1378 c895 c206 c857 c636 c992 c952 c1218 c651 c189 c37 c445 c1173 c642 c829 c420 c1323 c672 c515 c826 c602 c146 c208 c232 c581 c372 c1131 c528 c407
VoiceXv4
c1043 c1010 c1474 c352 c655 c358 c573 c811 c594 c1060 c1216 c784 c1089 c227 c1188 c399 c430 c551 c234 c1184 c1347 c708 c593 c502 c691 c710 c1171 c1309 c1153 c101 c1151 c824 c800 c553 c391 c574 c754 c608 c1070 c959 c318 c335 c928 c23 c1185
FlightsXv2
c187 c1124 c178 c1197 c243 c728 c422 c685 c980 c180 c1300 c601 c390 c1437 c1142 c862 c159 c476 c1407 c892 c936 c1452 c526 c822 c1190 c772 c269 c1486 c741 c38 c106 c1415 c1210 c173 c1105 c465 c425 c1451 c863 c878 c53 c699 c1302 c1431 c891 c1257 c982 c910 c1392 c437 c1046 c87 c323 c1374 c894 c1475 c366
SkyUltrav1
c1466 c475 c943 c801 c221 c385 c60 c238 c431 c462 c1117 c212 c4 c1211 c935 c1042 c300 c1020 c344 c113 c268 c1343 c929 c217 c763 c921
DatasetSearchNextv3
c1175 c732 c128 c678 c372 c1008 c1212 c584 c1356 c706 c1159 c1118 c927 c1478 c1403 c143 c45 c808 c242 c97 c1367 c241 c567 c1044 c194 c490 c650 c78 c821 c1227 c1201 c81 c365 c1342 c870
ChromeZv2
c259 c488 c350 c725 c340 c823 c991 c645 c1114 c1113 c161 c24 c974 c248 c1179 c330 c1103 c301 c166 c14 c355 c460 c997 c1472 c110 c874 c1443 c641 c321 c493 c559 c510 c811 c1345 c1160 c474 c435 c1402 c1450 c1148 c756 c877 c449 c303 c735 c1038 c916 c320 c254 c751 c26
BloggerNextv6
c1198 c1187 c232 c1328 c437 c810 c4 c1320 c189 c107 c896 c957 c866 c829 c689 c79 c328 c971 c75 c1477 c1120 c1020 c528 c8 c1233 c992 c563 c115 c225 c731 c103
SearchUltrav1
c301 c1462 c763 c462 c420 c126 c1341 c1050 c157 c445 c1017 c944 c1311 c912 c127 c1261 c1368 c1214 c59 c1122 c134 c216 c1416
CultureLitev7
c1496 c1068 c705 c135 c972 c865 c1355 c515 c772 c1358 c7 c832 c1410 c327 c1115 c777 c1430 c247 c798 c817 c304 c228 c976 c594 c823 c1386 c596
CurrentsXv7
c1014 c148 c1424 c170 c262 c628 c1133 c845 c369 c734 c1427 c761 c1419 c37 c1286 c381 c407 c811 c249 c910 c505 c1012 c882 c1388 c351 c253 c1490 c1498 c14 c1283 c1440 c1348 c74 c106 c629 c1021 c406 c983 c556 c1353 c683 c54 c900 c1131 c345 c201 c1063 c75 c590
DaydreamProv6
c1330 c1236 c993 c371 c65 c1017 c1470 c300 c472 c1497 c1458 c237 c1476 c75 c623 c1207 c2 c582 c1011 c1045 c646 c373 c19 c1381 c289 c338 c70 c1150 c967 c252 c580 c559 c452 c746 c104 c1228 c636 c415 c466 c857 c985 c310 c1269 c1420 c635 c675 c562 c868 c1135 c795 c350 c639 c1479 c117 c720 c1471 c66 c1246
ConnectUltrav5
c743 c560 c586 c1245 c1446 c1323 c273 c1494 c524 c301 c482 c434 c462 c105 c627 c84 c438 c1172 c4 c1415 c1148 c159 c1343 c250 c563 c1313 c638 c722 c210 c755
FormsProv2
c778 c1349 c516 c943 c141 c1444 c925 c1293 c359 c1366 c1195 c139 c1449 c745 c281 c187 c1239 c1124 c18 c1346 c1299 c387
SlidesXv7
c332 c608 c711 c930 c862 c1152 c921 c1473 c163 c1300 c399 c1457 c23 c1469 c1273 c1145 c642 c1247 c935 c250 c1042 c710 c459 c1482 c860 c1198 c1122 c811 c1402 c71 c221 c1475 c440 c1017 c375 c756 c216 c610 c1316 c609 c1049 c1462 c346 c613 c956 c524 c1020 c555 c80 c1164 c1151 c1086 c1199 c763
StreamNextv8
c8 c1218 c785 c796 c526 c1477 c900 c16 c1294 c1142 c1272 c997 c3 c1080 c643 c1242 c324 c1082 c1345 c822 c1465 c471 c486 c658 c75 c690 c653 c685 c193 c176 c17 c676 c234 c1179 c1047 c709 c90 c79 c418 c1197 c549 c309 c1267 c1150 c1377 c321
ArtsZv2
c966 c736 c413 c1119 c380 c1452 c1105 c448 c733 c401 c1387 c991 c496 c303 c464 c914 c1309 c1207 c323 c1215 c1474 c268 c1263 c462 c577 c124 c497 c1216 c479 c516 c435 c451 c669 c729 c140 c208 c1121 c150 c1451 c884 c351 c1406 c206 c113 c211 c370 c634 c815 c1285 c806 c891 c672 c979 c551 c312 c906 c425 c212
VoiceProv4
c208 c925 c275 c47 c765 c1123 c961 c1153 c94 c1020 c136 c1115 c1065 c798 c756 c974 c541 c106 c75 c1443 c1382 c1120 c1122 c366 c609 c684 c415 c635 c1476 c1446 c129 c173 c396 c431 c1043
FuchsiaLitev1
c1359 c247 c324 c1264 c933 c1064 c547 c1303 c263 c1485 c1474 c982 c424 c516 c1060 c1089 c1103 c810 c1378 c385 c695 c344 c804 c1021 c837 c1219 c1050 c627 c675 c4 c1184 c648 c285 c762 c559 c229 c655 c959 c454
FormsZv3
c148 c1151 c443 c1465 c970 c433 c391 c157 c683 c79 c1234 c588 c1173 c1197 c742 c528 c8 c1282 c232 c1444 c238 c500 c811 c1306 c873 c355 c1347 c554 c114 c1148
PhoneProv7
c38 c929 c863 c516 c1348 c641 c1336 c35 c181 c1069 c651 c659 c772 c417 c1334 c138 c724 c886 c22 c983 c352 c93 c1133 c581 c110 c1010 c642 c301
AndroidUltrav5
c944 c516 c1290 c178 c721 c1038 c189 c377 c914 c253 c1160 c359 c212 c1486 c910 c1171 c243 c1302 c75 c1077 c34 c881 c1287 c1214 c1242 c309 c196 c728 c1215 c373
ImagesNextv7
c1105 c1007 c1221 c575 c1070 c369 c440 c1004 c764 c916 c358 c1323 c103 c216 c446 c262 c338 c1190 c1438 c968 c1344 c230 c1090 c747 c1148 c985 c1374 c213 c582 c380 c580 c237 c407 c676 c441 c493 c1226 c1377 c445 c741 c115 c833 c1151 c404 c290 c254 c1114 c1191 c390 c711 c426 c980 c303 c1311 c759 c15 c750
LearnNextv3
c874 c1011 c352 c593 c1117 c895 c318 c1233 c926 c245 c1361 c1427 c735 c1032 c100 c976 c691 c250 c1084 c1141 c353 c225 c679 c165 c594 c7 c391 c1012 c1460 c1458 c882 c1150 c395 c1470
VoiceUltrav2
c54 c1430 c488 c24 c615 c800 c1280 c743 c1034 c444 c121 c1308 c872 c563 c246 c632 c1187 c553 c1424 c1437 c378 c1269 c903 c601 c1429 c1052 c928 c604 c74 c714 c556 c1142 c1351 c894 c1006 c954 c84 c912 c16 c1355 c1401 c1026 c502 c18 c282 c1293 c438 c231 c958 c1357
TranslateSv8
c1497 c1320 c936 c1415 c464 c873 c370 c171 c96 c227 c674 c127 c1471 c1457 c1435 c619 c1289 c709 c77 c1152 c293 c642 c1231 c891 c1265 c201 c126 c1292 c75 c1228 c1188 c1306 c420 c381 c573 c104 c53 c1207 c448 c249
FinanceMaxv3
c632 c838 c1420 c925 c349 c1020 c1469 c75 c1286 c1072 c610 c150 c1119 c992 c574 c259 c826 c494 c1178 c629 c763 c1380
ReleaseUltrav2
c906 c340 c1358 c1211 c896 c234 c1353 c575 c157 c1498 c1345 c105 c636 c1049 c1346 c430 c1407 c434 c708 c309 c212 c796 c661 c75 c935
CurrentsUltrav6
c193 c1384 c754 c763 c474 c1485 c67 c575 c238 c562 c418 c1406 c811 c4 c925 c676 c1477 c1486 c614 c201 c210 c1483 c1185 c265 c1349 c683 c628 c1499 c1449 c1142 c1197 c772 c38 c653 c280 c1306 c639 c236 c913 c1060 c281 c586 c8 c801 c1294 c1445 c1122 c14 c777 c559 c482 c19
BloggerProv4
c433 c471 c1102 c1488 c710 c449 c974 c15 c1440 c426 c528 c1141 c1474 c976 c756 c1273 c1473 c1434 c1239 c117 c989 c247 c642 c2 c182 c447 c457 c445 c1063 c1014 c75 c1099 c350 c1017 c1341 c690 c930 c1245 c269 c59 c416 c632 c362 c967 c1045 c1020 c1410 c551
DataSv2
c1499 c1109 c401 c560 c609 c138 c982 c412 c1199 c1272 c891 c475 c1344 c731 c79 c689 c676 c328 c1197 c1328 c234 c1426 c107 c526 c1242 c1446 c266 c496 c104 c245 c187 c1391 c884 c344 c267 c596 c80 c970 c845 c1465 c1294 c778 c798 c862 c252 c1018 c1246 c1424 c462 c971 c181 c589 c503 c943 c1064 c1010
SmartLitev2
c695 c1475 c317 c655 c1334 c1234 c190 c1173 c866 c747 c257 c427 c1462 c966 c1305 c1319 c351 c318 c1450 c1210 c1499 c268 c1150 c693 c1133 c458
TranslateXv6
c1358 c387 c557 c1362 c129 c1299 c729 c1419 c603 c141 c1444 c321 c758 c746 c1082 c1454 c1043 c639 c1338 c676
GroupsProv2
c1215 c1452 c443 c217 c335 c1121 c755 c211 c632 c1117 c705 c784 c642 c1124 c832 c549 c768 c550 c1425 c651 c515 c1153 c785 c139 c613 c189 c1068 c725 c701 c585 c1172 c1197 c804 c87 c146 c1372 c1263 c868 c1166 c602 c106 c972 c324 c736 c1392 c1326 c669 c1131 c720 c666
ChromecastNextv4
c1143 c795 c1416 c997 c865 c696 c929 c685 c563 c1473 c873 c601 c1344 c1396 c594 c1012 c479 c524 c23 c1291 c505 c961 c1497 c391 c451 c1415 c967 c206 c1198 c312 c303 c993 c984 c65 c638 c472 c47 c891 c243 c900 c676 c346 c366 c1319 c1466 c842 c1494 c124 c1188 c212 c1179 c761 c232 c1336 c1063 c452 c1147 c1047 c1115
SantaTrackerLitev5
c646 c552 c722 c1050 c643 c210 c1330 c1230 c399 c1437 c914 c1235 c112 c636 c1137 c286 c17 c71 c163 c1343 c1499 c1287 c719 c1294 c1290 c1387 c352 c1021 c229 c431 c1329 c860 c608 c1382 c1348 c1070 c559 c301 c1454 c1276 c806 c462 c1038 c134 c345
TravelUltrav7
c772 c281 c1011 c675 c1340 c535 c347 c619 c823 c1305 c582 c1476 c750 c432 c1496 c851 c21 c60 c1017 c39 c104 c783 c448 c811 c1454 c1364 c1122 c1020 c641 c733 c406 c959 c752 c1313 c765 c555 c1362 c170 c1075 c356 c136 c528 c575 c350 c958 c1420 c339 c1025 c15 c1482 c711 c629 c135 c1145 c926 c464 c148
VoiceLitev9
c1300 c79 c424 c709 c373 c1386 c645 c956 c1479 c979 c75 c145 c928 c437 c332 c1187 c545 c1439 c114 c754 c721 c250 c1362 c747 c913 c1454 c1465 c1076 c1053 c914
WearOSMaxv1
c100 c1286 c636 c862 c547 c745 c82 c344 c1042 c1112 c1438 c791 c126 c895 c359 c2 c559 c1086 c1267 c92 c1460 c262 c831 c400 c1486 c15 c1233 c516 c1066 c8 c608 c912 c1378 c309 c1451 c612 c529 c837 c1275 c338 c1171 c1395 c396 c1309 c20 c68 c1498 c537 c1122 c930 c1197 c1293 c1434 c1199 c1429 c1043 c1349 c301
DuoProv6
c719 c635 c810 c1120 c263 c165 c756 c871 c1216 c824 c1071 c989 c728 c991 c1320 c787 c208 c399 c147 c380 c1152 c593
WebserverZv3
c933 c397 c1148 c418 c1072 c266 c892 c925 c157 c1084 c1260 c417 c1449 c1316 c279 c674 c88 c850 c1266 c216 c323 c1345 c1347 c1402 c1231 c1095 c1261 c1218 c197 c1222 c727 c1232 c822 c718 c815 c1041 c159 c94 c300 c801 c922 c639 c1026 c864 c872
SearchLitev1
c1351 c724 c1239 c89 c459 c404 c1178 c632 c643 c71 c867 c528 c707 c1195 c1374 c1375 c792 c1219 c6 c498 c635 c216 c935 c925 c683 c731 c711 c763 c1327 c430 c288 c1359 c350
DataMaxv3
c944 c1458 c976 c857 c18 c853 c1204 c363 c213 c116 c471 c181 c1006 c496 c104 c221 c537 c1431 c1327 c742 c1247 c1353 c466 c375 c1331 c735 c210
DrawingsUltrav1
c1034 c415 c1043 c1363 c381 c116 c722 c691 c1244 c627 c811 c679 c1226 c377 c163 c1422 c503 c1228 c603 c106 c1499 c1071 c105 c1280 c1485
KeepNextv5
c894 c177 c196 c129 c494 c1021 c82 c460 c4 c249 c101 c992 c228 c1173 c887 c1199 c933 c1002 c1077 c1240 c1439 c1070 c672 c1443 c1142 c1381 c274 c440 c1302 c1469 c120 c874 c74
GameMaxv5
c21 c493 c573 c1264 c1269 c803 c910 c236 c227 c1306 c1214 c287 c827 c1122 c51 c962 c24 c463 c1305 c1149 c290 c318 c806 c1004 c245 c1164 c1382 c924 c896 c187 c1151 c867 c1290 c145 c1323 c116
ShoppingProv1
c1124 c855 c1419 c1474 c1148 c793 c1197 c1217 c1434 c344 c579 c869 c1129 c1476 c1439 c582 c385 c265 c1057 c1427 c1211 c178 c1488 c247 c1354 c743 c150 c461 c526 c173 c1338 c1424 c798 c1245 c310 c1282 c899 c1020 c1121 c1122 c1295 c596 c234 c52 c935 c1150 c458 c431 c416 c113 c370 c906
SlidesMaxv6
c204 c1213 c500 c750 c726 c412 c286 c155 c591 c362 c1406 c1273 c430 c1221 c1007 c75 c169 c970 c7 c269 c502 c1190 c905 c25 c684 c1368 c927 c1234 c804 c470 c371 c16 c811 c483 c556 c3 c1024 c34 c1104 c338 c19 c54 c77 c966 c95 c1209 c629 c1343 c1223 c1087 c1312 c1357 c168 c1384 c1490 c1464 c920 c989
BooksUltrav6
c801 c829 c756 c884 c1014 c554 c587 c1215 c1123 c1122 c258 c903 c161 c772 c230 c1450 c76 c347 c859 c920 c1383 c226 c1139 c705 c1352 c1430 c858 c188 c1486 c1483 c63 c1182 c268 c190 c68 c977 c658 c921 c755 c1435 c850 c1259 c1242 c1330 c954 c1308 c867 c1056 c318 c1465 c889 c559 c555 c407 c166 c544
WebserverMaxv3
c17 c1460 c935 c818 c355 c446 c529 c1049 c674 c160 c1071 c974 c165 c797 c397 c930 c868 c1347 c1119 c96 c1477 c210 c1232 c1498 c651 c426 c497 c544 c67 c708 c710
ChromeZv7
c968 c396 c603 c201 c499 c380 c435 c294 c666 c1293 c43 c93 c282 c1064 c826 c1462 c1017 c1107 c713 c1037 c358 c251 c341 c1433 c1160 c831 c288 c1166 c734 c1135 c1452 c789 c1470 c642 c1456 c1170 c562 c273 c799 c943 c275 c914 c736 c415 c714 c1364 c1380 c1184 c820 c920
ScholarMaxv3
c727 c4 c327 c1374 c288 c257 c328 c1320 c787 c349 c619 c656 c555 c1068 c107 c38 c1339 c15 c250 c840 c1418 c661 c1409 c88 c637 c5 c783 c925 c1060 c219 c229 c203 c238 c985 c1099 c425 c534 c575 c741 c1475 c588 c1276 c115 c544 c609 c245 c881 c1388 c1220 c444 c1043
DreamUltrav3
c981 c1439 c1145 c852 c1246 c1124 c1457 c800 c171 c442 c897 c1426 c1447 c20 c753 c731 c765 c615 c640 c409 c866 c936 c1011 c1318 c1105 c286 c580 c103 c920 c473 c513 c119 c1036 c670 c1059 c574 c318 c399 c217 c438 c746 c353 c618 c608 c289 c1491 c1444 c1471 c1050 c516
ShoppingUltrav1
c895 c941 c960 c1079 c1137 c352 c1102 c1425 c127 c1382 c544 c958 c1025 c406 c630 c309 c1210 c1038 c253 c1294 c811 c387 c933 c827 c216 c1219 c1311 c325 c285 c669 c356 c1071 c976 c326 c589 c138 c537 c420 c791 c774 c1305 c1051 c882 c1434 c612 c1197 c711 c363 c969
SantaTrackerSv6
c552 c1445 c1407 c449 c1355 c586 c248 c1231 c354 c1237 c224 c792 c763 c322 c434 c441 c1346 c983 c602 c673 c1193 c369 c1404 c1361 c581 c59 c390 c443 c637 c1045 c1345
AndroidMaxv2
c351 c541 c317 c61 c844 c653 c1424 c374 c659 c796 c1120 c1442 c1082 c861 c1224 c1193 c125 c208 c558 c593 c544 c814 c247 c1057 c851 c1207 c720 c1122 c432 c293 c1496 c372 c980 c979 c1180 c1086 c213 c1071 c1090 c187
MarsNextv7
c148 c764 c252 c608 c1226 c570 c745 c128 c535 c237 c274 c391 c532 c246 c1233 c1032 c523 c1117 c1387 c482 c515 c996 c316 c288 c367 c1114 c1200
CastOSUltrav6
c1235 c1340 c810 c920 c778 c729 c430 c982 c676 c1 c332 c1420 c105 c1478 c971 c1438 c711 c575 c850 c1008 c909 c1153 c1270 c815 c39 c448 c642 c447 c1372 c182 c798 c1349 c1287 c404
ChromeProv4
c1482 c1023 c440 c1067 c1327 c1377 c1432 c254 c834 c628 c1272 c600 c610 c775 c467 c145 c1359 c1317 c1075 c397 c693 c430 c1321 c1206 c585 c375 c676 c1333 c695 c8 c726 c193 c344 c163 c723 c1348 c547 c1084 c82 c1151 c280
FuchsiaSv8
c1486 c202 c391 c786 c1296 c395 c84 c1141 c862 c537 c1476 c1229 c560 c140 c262 c1300 c1152 c1142 c758 c770 c475 c1353 c1286
ArtsSv6
c752 c508 c92 c1390 c1242 c603 c905 c1044 c234 c503 c458 c391 c112 c776 c1446 c1279 c79 c339 c1095 c80 c145 c419 c199 c1499 c1211 c966 c266 c836 c1041 c1000 c164 c1356 c123 c418 c333 c728
WearOSMaxv2
c1193 c712 c918 c1378 c429 c1178 c1437 c1277 c813 c75 c675 c490 c139 c1428 c646 c742 c636 c1185 c641 c335 c73 c146 c1459 c937 c417 c1260 c1375 c537 c1201 c959 c81 c1292 c1122 c392 c130 c1173 c911 c732 c1148 c1197 c643 c397 c424 c430 c126 c1485 c132 c864 c1181 c754 c400 c1133 c621 c236 c363 c433 c867 c337
ResearchProv3
c625 c848 c1379 c990 c19 c117 c1289 c1261 c1066 c707 c689 c719 c704 c394 c777 c683 c1469 c576 c609 c629 c453 c662 c94 c845 c141 c288 c823 c887 c1055 c225 c391 c956 c1122 c872 c474 c1106 c1016 c1295 c100 c324 c654 c380 c1162 c459 c1263 c281 c1358 c575 c592
