41
ClassroomSv2
RuthX
MarsUltrav4
PhilippY SergeyA TatiyanaT BenjaminY PetarG TatiyanaC StepanU MichalQ PhilippE LarryG ClementV MichalF SusanC BakhodirB PetarA ClementX RuthP
ReleaseLitev7
RuthT SergeyW FionaV MaxO
MoonUltrav4
LarryN
DaydreamMaxv4
ThomasQ
SantaTrackerProv9
PrzemekV
ChartsMaxv5
HiroshiR StefanY MichalY SusanK FionaT
ScholarXv6
SundarD StefanK PrabhakarC LarryJ RuthB SundarA RuthF JenL MatasK BakhodirG JenR TatiyanaP
FormsUltrav3
ThomasL MatasF HiroshiI NellyU StepanG PetarN TatiyanaA StepanO
CollectionsUltrav9
NellyT BenjaminO
TravelUltrav3
PetarR JenE
PatentsMaxv2
PhilippO MichalB MatasR MatasP TatiyanaO RuthJ MichalV PrzemekT ThomasE LarryC
FuchsiaProv7
BenjaminJ ClementI BakhodirQ
KeepNextv4
PrabhakarN
CurrentsXv1
BakhodirF
SkyZv5
SundarM
KeepXv1
PrabhakarA
ConnectXv3
StefanG
CastOSSv6
SusanH ThomasW HiroshiT
CurrentsProv2
StepanJ
CodeZv4
SusanR BenjaminR
TravelProv6
PhilippJ
NewsXv5
SundarV PrzemekH
PixelProv1
ThomasK
AssistantMaxv9
MichalA
LearnProv8
JenI
GroupsZv8
BakhodirL PetarI StepanL PrabhakarS BenjaminK
MapsNextv5
PrzemekR FionaZ
SheetsZv4
FionaS SergeyR
StreetViewXv2
RuthW PrzemekF PetarM
BuildProv1
PrabhakarX
ClassroomXv9
TatiyanaL StepanK
SearchUltrav8
SergeyG PhilippI HiroshiL
CurrentsProv7
SusanT
CalendarLitev5
ThomasN HiroshiE PrabhakarB BakhodirA
LoggingXv4
SergeyJ StepanV MaxK
FinanceXv5
HiroshiU
AndroidAutoZv1
PetarV SundarJ
StreetViewXv9
PrzemekQ StefanX MaxH ThomasU NellyI
FeedBurnerLitev8
SundarX BenjaminL PrabhakarE
VoiceZv6
HiroshiQ MichalS
