337
p8579
c530 c429 c275 c0 c435
p6404
c130 c299 c716
p1173
c623 c473 c645 c320 c38 c340 c371 c50 c497 c781
p4843
c700 c461 c755
p6630
c423
p2865
c258 c200 c352
p670
c617 c237 c565 c797 c773 c296 c363 c480 c455
p3877
c33 c10 c650
p4187
c754 c756 c492
p4352
c156 c192 c328 c646 c196 c177
p3631
c190 c54 c201 c528 c697 c557 c127 c380 c427 c168
p2191
c782
p3009
c194 c29 c456 c134 c709 c524 c309
p7414
c412 c542 c491 c753 c388 c660 c330 c223 c16
p9115
c448
p7213
c74 c225 c203
p2487
c197 c163 c395 c47 c526 c100 c324
p4520
c259 c642 c540 c466 c438 c631 c637 c674
p6967
c376 c292
p7309
c796 c140 c469 c361 c468 c105 c155
p9859
c652 c107 c217 c668 c666 c48 c764
p5068
c307
p5868
c158 c231
p1026
c399
p6789
c108 c478 c457 c772 c554 c255
p9568
c523 c639
p6899
c420 c659 c506 c638
p5980
c654 c189
p8481
c119 c28 c692 c318 c27 c430 c511 c126 c543
p482
c351
p6560
c689
p4783
c151 c337 c353 c472 c766 c575 c436
p8202
c715 c181
p6092
c779
p3578
c90 c243 c409
p258
c458 c774 c734
p5326
c758 c569
p196
c316 c315 c578 c386
p177
c598 c439 c464 c681 c137 c451
p5219
c662
p3675
c607 c115 c477 c53 c85
p1585
c454 c398 c22 c147 c443 c91 c510 c207
p9968
c552 c58 c325
p2436
c682 c519
p9107
c267
p201
c401 c44 c164
p7270
c141
p3655
c611 c249
p9903
c747 c95
p6947
c280
p7366
c265 c501 c517 c253 c146 c725
p5524
c599 c188 c489 c663 c437
p1034
c123
p4732
c515 c402 c183
p5337
c591 c178
p9369
c505 c563 c647 c55 c364 c531
p7703
c191 c86
p8295
c43
p2011
c502 c260 c567 c7 c281 c244 c719
p8621
c434 c539 c704 c15
p9528
c718
p5297
c17 c584 c310 c173
p2271
c14 c313 c696 c449
p977
c444 c368 c98 c613 c12
p7681
c431 c333 c632 c268 c514
p2315
c462 c783 c114
p8583
c79 c120
p4853
c664
p9057
c317 c234 c618 c768
p9150
c550 c479
p6030
c143 c643 c264 c411 c553 c621
p360
c21 c532 c417 c736 c391
p1706
c75
p1787
c471 c726
p2633
c232 c595 c790
p7514
c362 c558 c474 c122 c136
p8040
c789 c229 c452 c284 c759 c446
p8637
c62 c392 c536 c139 c535
p8906
c460 c684 c210 c221
p2325
c245
p4717
c202 c678 c326 c685 c516 c76 c432 c113
p197
c174
p3848
c560
p7535
c522 c706 c387
p7878
c407
p2788
c133 c450 c209 c66 c775
p9139
c723
p8140
c699 c247 c606 c610
p7719
c714 c257 c319 c421 c9 c751
p725
c40
p426
c272 c602
p7411
c70 c601 c509
p6966
c762 c776 c574
p3212
c410
p6993
c19
p8090
c240
p3333
c205
p8627
c795
p4630
c83
p1752
c64
p1386
c394 c56 c608
p3656
c487 c355
p2388
c311 c459
p7020
c358
p2761
c345 c580
p5113
c308 c612
p2579
c214
p9228
c698 c572
p1546
c564 c369 c18 c73
p2602
c93 c305
p1497
c620 c377
p2554
c37
p9518
c111
p3395
c498
p97
c241
p7745
c354 c416
p3704
c576
p3669
c78
p5007
c424 c537 c675
p3471
c705 c798 c769 c379
p8817
c691 c467 c518 c404
p3613
c63
p5272
c290
p2942
c96 c160 c534
p5401
c238
p9378
c799
p976
c761
p7840
c390 c670 c673 c297 c767
p5437
c413 c161 c629
p4117
c619 c396 c555
p5709
c106 c144 c603
p7206
c5
p1782
c730
p7335
c707
p4400
c338 c640
p8905
c627
p9945
c2
p8509
c306
p4032
c230
p4676
c350
p3911
c470
p900
c520
p6456
c729
p3937
c765
p4463
c87
p3113
c20
p4924
c658
p221
c547
p3551
c740
p2098
c544 c788
p1654
c571 c329
p4458
c57 c750
p4100
c323
p8649
c23
p7776
c378
p1774
c109
p1132
c566
p4488
c792 c588 c770 c285
p9974
c589
p5275
c778
p4812
c246
p1595
c261
p1054
c97 c218 c582
p8084
c263
p3952
c406
p6648
c635 c219
p9077
c422
p1244
c250
p969
c381
p9814
c695
p6126
c425
p2540
c186
p5818
c365 c3 c271
p3169
c72 c270 c708 c636
p6761
c393 c494 c118 c300 c600
p4919
c633
p2223
c389
p5465
c433 c65
p113
c757 c103 c8
p6164
c690
p3013
c339 c512
p408
c286
p9011
c499 c605
p8818
c453 c39
p6803
c625
p6244
c77
p3833
c442
p1309
c594
p8094
c312
p154
c42
p2228
c359 c785
p6734
c568
p6259
c538 c357
p3957
c419
p1359
c25
p9849
c397
p1259
c215
p9980
c131 c488
p3562
c732 c741
p7515
c701
p1995
c731
p7793
c314
p6952
c626
p1498
c744 c786 c180
p2460
c780
p9342
c175
p7474
c593
p8296
c622
p5460
c546
p4535
c347
p1036
c11 c81
p5564
c211 c212
p6179
c616
p3238
c717
p7549
c644
p3589
c385
p613
c157 c408 c321 c252
p58
c476
p5674
c172
p1469
c577
p4704
c233 c101
p4037
c206 c374 c738
p6840
c794 c615
p1122
c213
p6119
c513
p5957
c545 c657
p9964
c124
p3986
c592 c508
p5536
c222 c648
p7000
c703
p6156
c596 c383
p311
c486
p1898
c287
p8041
c694
p3628
c331
p5193
c604
p8209
c671 c656
p5669
c483
p5092
c165
p1351
c348 c273 c304
p80
c624
p6614
c226
p5932
c597 c609
p918
c227 c89
p3703
c159
p9419
c426 c128
p7785
c590
p287
c428 c235
p5177
c475
p4427
c132
p2693
c198
p5165
c298
p4284
c68
p6253
c360 c525
p2209
c153
p7958
c254
p2159
c195
p4024
c45
p3533
c332 c679 c150
p9125
c116
p5649
c26
p2595
c551
p6772
c579 c303 c366
p5170
c651
p4490
c384
p3225
c251
p5903
c791
p6494
c162
p6608
c289
p9690
c367
p3361
c148
p1506
c282
p7790
c628
p2169
c30
p9055
c341
p355
c269 c720 c677
p1759
c585
p9367
c129
p162
c375
p3828
c248 c418
p8951
c711
p8387
c614
p3061
c687
p136
c35
p5109
c67
p9238
c204
p4350
c586
p4383
c334
p1177
c142
p903
c176 c784
p7912
c1
p2410
c356 c760
p1001
c69
p8265
c301
p8526
c266
p4202
c36
p3999
c680
p9110
c481
p1420
c179 c24
p173
c274
p4609
c504
p4276
c349
p179
c529 c634
p5615
c655 c749
p3681
c104
p8731
c533
p3379
c683
p895
c279
p4392
c463
p6805
c763
p301
c793
p8077
c771
p2307
c102
p2594
c61
p4340
c787
p9880
c748 c41
p1239
c382
p7103
c335
p9201
c583
p9961
c710
p9991
c288
p5843
c346
p7296
c135
p6874
c561
p2473
c208
p3909
c676
p7420
c224
p4407
c724
p8582
c182 c482
p240
c92
p3043
c322
p6982
c541
p1354
c294
p3543
c239
p1468
c4
p3208
c193
p3983
c293
