689
p11565
c230 c938 c494 c578 c622 c428 c41 c688 c161 c659 c840 c996 c953 c574 c210 c398 c987 c228 c324 c262 c510 c519 c594 c808 c213 c906 c117 c648 c108 c813 c908 c59 c39
p11970
c961 c780 c958 c966 c771 c496 c841 c653 c963 c721 c427 c7 c29 c576 c377 c685 c17 c757 c842 c654 c124
p5693
c601 c22 c466 c828 c457 c481 c482 c478 c283 c73 c588 c38 c195 c149 c853 c947 c551 c625
p2507
c224 c169 c656 c147 c876 c69 c883 c24 c675 c826
p22365
c345 c280 c903 c275 c851 c315 c293 c807 c406 c566 c655
p19605
c545 c585 c294 c701 c526 c222 c216 c567 c205 c971
p390
c976 c44 c784 c791 c723 c327 c76 c716 c882 c536 c948
p12644
c133 c599 c434 c715 c669 c325 c603 c806 c279 c893 c451
p15551
c724 c573 c593 c330 c469 c286 c58 c827 c879 c486 c204 c358 c152
p7329
c949 c126 c913 c66 c834 c60 c249 c298
p22073
c764 c620 c955 c681 c157 c505 c529 c479
p14790
c608 c873 c61 c35 c34 c495 c817 c556 c818 c644 c819 c887
p18300
c793 c145 c287 c153 c303 c531 c433 c944 c366 c792
p17583
c652 c167 c910 c386 c288 c98 c916 c37 c589 c563 c157 c489 c928 c67
p8961
c591 c24 c880 c898 c564 c831 c652 c261 c521 c626 c89 c511 c745 c351 c925 c187 c876 c26
p3531
c346 c40 c493 c199 c453 c282 c163 c747 c833 c267 c280 c571
p24784
c239 c438 c751 c293 c743 c589 c484 c573 c458 c675 c668
p14308
c393 c582 c848 c486 c69 c507 c862 c309 c198 c64 c9 c593
p1704
c243 c324 c750 c761 c58 c326 c572 c912 c449 c277
p13755
c892 c411 c392 c136 c493 c860 c734 c908 c696 c577
p6432
c224 c55 c383 c503 c157 c555 c854 c130 c355 c546 c210 c851 c159 c934 c340 c787 c66 c984 c581
p7997
c70 c826 c638 c636 c598 c345 c648 c272 c179 c101 c286 c883
p20393
c955 c263 c879 c278 c48 c834 c699 c271 c792 c851 c37 c383 c339
p2021
c655 c303 c169 c803 c656 c581 c6 c195 c665 c519 c492 c824
p11333
c928 c953 c546 c340 c790 c808 c853 c33 c283 c297
p96
c42 c938 c252 c614 c660 c692 c947 c288 c846 c937 c588
p2721
c531 c665 c543 c262 c105 c153 c717 c512 c944 c275 c956 c570 c280 c692 c793 c859 c478 c933 c558 c524 c990
p8054
c929 c798 c551 c776 c953 c98 c0 c4 c799 c437 c999 c392 c462
p205
c55 c213 c853 c331 c673 c944 c908 c702 c162 c286 c846 c903 c88
p11608
c656 c526 c601 c500 c701 c659 c150 c288 c98 c180 c436 c563 c734
p23320
c144 c205 c545 c384 c210 c524 c826 c159 c224 c275 c740
p18356
c857 c211 c686 c640 c143 c175 c706 c975 c54 c41 c294
p21919
c724 c360 c84 c622 c66 c23 c938 c358 c315 c971 c646 c428 c710 c324 c210 c696
p9941
c572 c32 c614 c108 c847 c267 c340 c381 c117 c650 c607 c578 c15
p484
c324 c629 c703 c567 c670 c384 c274 c588 c665 c650
p12090
c807 c149 c398 c23 c476 c58 c240 c892 c297 c932 c367 c195
p24637
c790 c120 c510 c330 c622 c159 c588 c100 c504 c324 c340 c132
p14403
c750 c252 c169 c449 c204 c463 c27 c561 c288 c728 c646 c571 c163 c500 c224 c555 c567
p15197
c661 c32 c531 c546 c715 c942 c136 c854 c478 c823
p7942
c563 c166 c859 c724 c806 c323 c275 c648 c933 c199 c267 c238
p11376
c581 c808 c761 c635 c224 c838 c734 c223 c816 c603
p22655
c33 c601 c204 c464 c277 c916 c294 c603 c563 c150 c252
p24258
c977 c936 c322 c520 c21 c568 c822 c682 c44
p2103
c910 c954 c561 c191 c57 c250 c133 c918 c971 c76 c117 c520 c875 c409 c354 c437
p10341
c860 c1 c504 c279 c86 c73 c906 c999 c4 c147
p24020
c734 c138 c159 c688 c929 c938 c812 c524 c191 c161 c340 c73 c222 c289 c597 c324 c433 c180 c514 c163
p10986
c148 c791 c578 c157 c180 c31 c77 c360 c728 c296 c117 c696 c243 c933 c599 c712 c437 c665 c831 c381 c161
p20213
c482 c59 c513 c14 c144 c288 c27 c466 c205 c875 c26 c804
p8382
c597 c976 c860 c831 c42 c698 c227 c180 c326 c305 c787 c876
p4809
c436 c108 c508 c224 c953 c26 c59 c599 c236 c153
p14537
c526 c77 c434 c75 c121 c158 c157 c994 c896 c262 c412 c123 c20 c898
p10626
c117 c577 c877 c803 c513 c73 c929 c27 c224 c876 c130 c567
p11635
c521 c572 c29 c614 c745 c678 c84 c377 c330 c366
p7870
c230 c841 c351 c576 c35 c555 c880 c887 c116 c178 c873 c581 c386
p17957
c637 c379 c518 c919 c34 c159 c817 c496 c599 c467 c169 c969 c129
p2934
c600 c480 c909 c612 c642 c783 c701 c958
p2570
c624 c120 c39 c757 c108 c288 c249 c1 c202 c124 c842
p7814
c59 c155 c585 c768 c634 c997 c828 c963 c153 c612 c570 c173
p2294
c280 c86 c427 c664 c30 c536 c521 c656 c832 c614
p4759
c437 c725 c648 c345 c654 c428 c115 c457 c13 c841 c267
p11823
c40 c140 c812 c576 c57 c289 c29 c307 c300 c961
p7263
c598 c747 c250 c376 c790 c61 c578 c599 c873 c7 c409 c187 c305 c201
p19835
c842 c712 c238 c147 c665 c988 c166 c663 c377 c536
p9745
c459 c330 c494 c808 c0 c24 c84 c556 c521 c588 c496 c607
p15641
c267 c504 c653 c167 c591 c502 c818 c19 c16 c656 c533 c971 c880
p16732
c961 c669 c729 c692 c388 c942 c520 c817 c880 c377
p2222
c123 c887 c962 c121 c222 c503 c665 c659 c26 c469 c661 c938
p23685
c591 c533 c34 c70 c559 c987 c531 c948 c191 c358 c44 c556 c231 c831 c351 c459 c57 c688 c495 c76 c966 c791
p3101
c67 c636 c740 c41 c806 c229 c340 c728 c976 c603 c327
p2801
c492 c594 c757 c813 c566 c685 c854 c817 c716 c296 c637 c148 c546
p21247
c726 c279 c572 c571 c842 c817 c885 c267 c857 c287
p2866
c205 c780 c558 c635 c636 c392 c145 c603 c531 c740
p11969
c652 c604 c685 c854 c650 c358 c138 c147 c32 c449 c347 c632 c148 c467
p8038
c614 c44 c519 c152 c875 c252 c205 c275 c307 c520 c457 c347
p22007
c854 c169 c816 c551 c757 c591 c776 c32 c826 c804 c999 c42 c558 c511 c990
p1373
c882 c57 c854 c77 c482 c652 c511 c133 c701 c603 c330
p21206
c739 c358 c494 c495 c546 c793 c252 c262 c324 c332 c392
p7190
c841 c652 c715 c351 c210 c280 c239 c635 c806 c34 c86
p23637
c668 c526 c105 c857 c971 c531 c724 c512 c726 c384
p18302
c241 c57 c589 c108 c1 c459 c434 c124 c145 c990 c831 c345 c360
p2956
c919 c42 c948 c202 c572 c496 c678 c44 c205 c216 c438 c30 c289
p13498
c340 c279 c1 c958 c893 c465 c262 c675 c22 c280 c386 c98 c179 c347 c951 c296 c678 c283 c954
p21884
c546 c685 c218 c859 c70 c971 c906 c675 c793 c999 c19
p10615
c808 c607 c524 c438 c724 c100 c140 c169 c543 c757 c388 c427
p16996
c675 c928 c660 c824 c18 c428 c449 c813 c340 c526 c635 c275 c458 c806
p17174
c531 c360 c812 c811 c804 c604 c458 c222 c161 c66 c267
p4768
c698 c478 c988 c938 c205 c912 c961 c323 c601 c345 c831 c818 c20
p19371
c121 c105 c13 c898 c799 c883 c724 c191 c32 c22 c857 c300
p14909
c551 c771 c847 c893 c29 c723 c288 c669 c563 c625 c511 c607 c659
p24740
c542 c326 c715 c761 c969 c572 c745 c138 c887 c784
p11285
c86 c98 c108 c576 c938 c386 c808 c145 c546 c494 c655 c661 c614 c24 c89
p9320
c808 c996 c937 c169 c953 c696 c179 c823 c597 c692 c771 c116 c818 c489 c445 c35 c654 c437 c665
p3703
c340 c938 c514 c761 c252 c108 c857 c67 c294 c518 c388 c840 c644 c239 c661 c132
p24821
c925 c147 c589 c0 c648 c115 c469 c433 c919 c860 c44 c909 c18 c812 c885 c701 c817 c279 c34 c622 c576 c715 c854 c288 c875
p23240
c24 c178 c665 c545 c459 c150 c659 c984 c531 c1
p14693
c121 c919 c804 c32 c791 c818 c355 c947 c67 c142 c589 c324 c751 c827 c875 c326 c377
p8741
c148 c818 c484 c14 c296 c227 c994 c262 c459 c123 c745
p881
c267 c660 c340 c847 c804 c124 c726 c887 c665 c324 c574 c327
p17373
c15 c692 c715 c854 c703 c241 c655 c121 c145 c239 c653
p11945
c366 c721 c345 c938 c178 c971 c500 c388 c726 c987 c771 c947 c205 c601 c44 c38 c717 c355 c481 c277 c531 c757 c30 c580 c659
p20945
c238 c120 c191 c167 c729 c715 c443 c183 c324 c123 c531
p12204
c728 c149 c808 c159 c622 c303 c603 c514 c958 c703 c867 c883 c601 c644
p7969
c996 c35 c716 c67 c798 c108 c750 c754 c976 c398 c561 c558 c100
p20329
c816 c502 c493 c267 c916 c195 c229 c948 c463 c218 c745
p13024
c734 c325 c637 c804 c545 c140 c589 c906 c496 c169 c476 c827 c222 c594 c763 c150 c812
p321
c670 c406 c293 c355 c757 c504 c205 c58 c524 c659 c840 c818 c675
p3232
c761 c40 c717 c521 c956 c807 c937 c688 c228 c438
p4208
c481 c589 c29 c367 c75 c854 c508 c427 c604 c990 c700
p2935
c596 c152 c453 c716 c330 c756 c16 c495 c932 c467 c23 c739 c262 c66
p15255
c591 c116 c478 c715 c458 c149 c169 c41 c191 c969 c936 c100 c576
p7753
c35 c624 c16 c166 c833 c510 c500 c307 c807 c386
p23659
c274 c180 c178 c661 c26 c561 c377 c23 c533 c447
p7512
c808 c936 c24 c377 c44 c859 c158 c476 c650 c35 c108 c345 c261 c644 c398 c558
p1273
c58 c675 c133 c105 c205 c826 c476 c520 c698 c597 c710 c149 c40 c937 c938 c757
p18201
c478 c994 c120 c466 c227 c101 c35 c559 c124 c807
p12692
c289 c76 c907 c832 c701 c58 c912 c495 c478 c951 c494
p3046
c660 c793 c528 c804 c39 c996 c462 c412 c136 c238 c98 c381 c518 c66 c496 c478 c761 c340 c656 c198 c100
p12511
c149 c159 c120 c848 c614 c241 c806 c823 c526 c984
p15797
c688 c469 c938 c655 c653 c64 c591 c133 c433 c754
p11861
c437 c726 c14 c510 c9 c956 c13 c44 c205 c351 c712 c262 c545 c459 c275 c808
p10628
c715 c862 c661 c123 c453 c23 c163 c486 c297 c1 c581 c670
p291
c880 c519 c124 c16 c648 c665 c157 c58 c144 c907 c31 c646 c608 c556 c482
p17606
c467 c659 c661 c636 c675 c26 c511 c163 c646 c166 c571 c728 c596 c9 c824
p16968
c84 c288 c715 c222 c64 c438 c841 c987 c108 c149
p18769
c42 c636 c449 c205 c9 c77 c593 c906 c398 c644 c180 c145 c976 c806 c323 c954 c178 c16 c282 c678 c84 c147
p12358
c386 c555 c157 c953 c178 c159 c4 c716 c880 c840 c216 c283 c278 c636 c947
p3204
c603 c345 c806 c121 c635 c955 c384 c34 c896 c834 c514 c32 c296 c934
p315
c665 c561 c698 c230 c962 c824 c808 c433 c659 c531 c149 c776 c48
p22448
c892 c542 c792 c597 c445 c327 c76 c857 c300 c842 c179
p9273
c879 c398 c551 c84 c987 c685 c906 c37 c437 c227 c393 c339 c459
p24158
c326 c594 c282 c142 c896 c205 c263 c145 c16 c303
p12008
c288 c834 c907 c661 c813 c465 c591 c14 c933 c780
p9056
c725 c105 c494 c743 c875 c812 c327 c436 c892 c757 c566 c428 c728 c734 c545 c133 c16 c271 c138 c519 c648 c434 c150
p7380
c907 c467 c572 c67 c252 c278 c596 c526 c813 c653
p6573
c698 c558 c437 c696 c644 c108 c161 c178 c339 c205 c636
p148
c465 c841 c984 c489 c879 c183 c685 c121 c561 c325 c326 c279
p10573
c44 c824 c476 c912 c41 c326 c148 c987 c635 c37 c504 c879 c294 c648 c48 c721 c458 c739 c280 c819 c465 c377
p8367
c725 c366 c271 c885 c486 c533 c776 c582 c428 c947
p22651
c953 c324 c279 c278 c351 c69 c459 c58 c840 c280 c823 c771 c841 c0
p4342
c879 c283 c593 c168 c326 c724 c360 c712 c533 c494
p3894
c453 c507 c396 c542 c761 c520 c366 c354 c38 c608 c573 c240 c77 c303 c300 c116 c76 c287 c149 c133 c64 c885 c867 c262 c238 c966 c296 c66 c638 c355 c113 c263 c467 c294
p8192
c464 c324 c148 c607 c882 c804 c614 c806 c862 c169
p5232
c223 c514 c227 c879 c48 c603 c848 c524 c670 c984 c655 c252 c925 c340 c30 c279 c688 c661 c345 c261 c880 c406
p24708
c791 c434 c793 c204 c659 c35 c988 c703 c486 c163 c511 c510 c635 c951 c489 c239
p23851
c955 c715 c561 c238 c377 c678 c70 c597 c443 c300 c596
p2319
c622 c445 c383 c953 c147 c35 c832 c811 c98 c180
p20078
c971 c19 c123 c665 c98 c263 c144 c24 c685 c150 c875
p17066
c202 c339 c142 c205 c0 c883 c6 c492 c723 c543 c381 c716 c823 c936 c594 c761 c161
p6170
c108 c566 c275 c191 c580 c572 c158 c486 c272 c776 c489 c556 c834
p7227
c384 c608 c32 c297 c494 c576 c98 c893 c383 c596 c937 c138 c626 c933 c637 c561 c159 c996
p4399
c724 c278 c136 c300 c885 c64 c262 c520 c819 c205
p21384
c283 c101 c906 c278 c199 c593 c120 c6 c205 c307 c216
p604
c582 c494 c751 c377 c971 c932 c678 c20 c238 c566 c386 c158 c228 c696 c274
p11501
c377 c808 c659 c976 c853 c987 c76 c35 c652 c793 c58
p15652
c572 c636 c283 c716 c944 c867 c545 c831 c494 c213 c507
p8409
c132 c351 c24 c379 c13 c564 c191 c293 c846 c241 c346 c819 c17 c262 c386 c66 c18 c566
p5516
c449 c761 c545 c831 c771 c377 c0 c467 c309 c818 c543 c451 c466 c908 c239 c867
p15992
c238 c903 c58 c860 c462 c646 c629 c887 c798 c323
p13213
c504 c728 c458 c558 c377 c763 c69 c358 c885 c55
p23717
c289 c944 c327 c58 c32 c908 c496 c717 c955 c582
p23172
c725 c147 c280 c14 c763 c39 c20 c478 c213 c761 c366 c150 c108 c740 c853 c637 c100 c750
p7255
c202 c875 c936 c278 c161 c377 c98 c669 c519 c944 c955
p10456
c42 c35 c58 c903 c646 c665 c294 c381 c832 c976 c180
p18269
c453 c971 c757 c354 c213 c22 c88 c23 c851 c987 c478 c908 c121 c663 c436 c511 c98 c474
p12323
c282 c717 c286 c147 c166 c638 c393 c558 c360 c271 c0 c976 c294 c566 c26 c580 c542 c999 c351 c771
p11817
c646 c653 c944 c116 c67 c239 c64 c303 c241 c35
p2994
c476 c846 c909 c108 c751 c792 c9 c300 c867 c823 c236 c138 c216
p22581
c20 c124 c853 c703 c205 c149 c745 c161 c358 c300 c445 c572 c152
p3988
c283 c398 c637 c349 c988 c383 c275 c823 c157 c195 c347 c556
p11384
c824 c996 c500 c183 c624 c346 c841 c230 c948 c149 c398
p13515
c34 c808 c15 c195 c756 c228 c531 c70 c428 c17 c566 c521 c323 c205 c883
p19514
c635 c734 c625 c763 c216 c817 c493 c907 c358 c44 c484 c944
p8162
c347 c26 c108 c626 c665 c531 c685 c70 c484 c167 c66 c808 c936 c745
p13110
c267 c332 c763 c34 c330 c664 c457 c903 c494 c747 c976 c339 c383 c912 c846 c723 c69 c288 c969 c660 c599 c496 c434 c504
p6880
c16 c955 c563 c7 c698 c823 c591 c41 c241 c791
p14093
c669 c381 c275 c816 c271 c409 c743 c578 c543 c133
p16234
c31 c717 c201 c280 c556 c551 c724 c84 c58 c754
p15284
c782 c917 c266 c490 c146 c520 c853 c745 c305
p22333
c966 c309 c598 c236 c545 c596 c449 c18 c205 c376 c761
p7324
c646 c776 c494 c61 c267 c717 c702 c510 c910 c198 c531
p23180
c790 c323 c625 c326 c32 c559 c582 c24 c383 c818
p23860
c1 c249 c793 c597 c262 c144 c35 c339 c138 c903 c726 c305 c715 c734
p6030
c808 c546 c646 c873 c518 c685 c494 c761 c205 c326
p9411
c887 c26 c288 c635 c644 c598 c484 c659 c807 c573 c161 c384
p19059
c622 c510 c763 c536 c409 c199 c58 c578 c893 c238 c625 c157 c239
p21807
c61 c798 c696 c903 c875 c717 c267 c578 c846 c458 c747
p22039
c16 c648 c860 c115 c38 c40 c528 c834 c581 c157 c555 c724 c201
p5056
c35 c578 c593 c903 c701 c812 c243 c32 c909 c123 c842 c826 c790 c280
p10837
c793 c656 c434 c482 c7 c807 c58 c857 c919 c860 c665 c150 c999
p17990
c32 c267 c26 c578 c725 c574 c108 c120 c280 c38 c572
p13537
c857 c510 c443 c734 c437 c598 c668 c249 c332 c41 c262 c840 c35 c449
p18068
c892 c846 c510 c433 c716 c178 c887 c953 c963 c24 c447 c724 c150
p22610
c77 c875 c59 c32 c26 c699 c463 c262 c469 c566 c162 c58 c204
p15803
c168 c84 c484 c903 c153 c486 c70 c652 c811 c635
p17662
c100 c564 c108 c44 c7 c278 c963 c216 c339 c833
p13003
c675 c24 c33 c195 c585 c831 c678 c790 c570 c249 c938
p16982
c218 c807 c776 c838 c132 c277 c44 c39 c35 c715 c650 c144 c327 c599 c61 c916 c495 c469 c907 c120 c648 c963 c961 c723 c593
p9068
c64 c729 c77 c70 c520 c581 c751 c155 c195 c823 c893
p8872
c158 c267 c636 c994 c696 c807 c903 c591 c717 c152 c280 c660 c745 c330 c504 c7 c59 c673 c35
p11680
c963 c572 c180 c286 c66 c24 c331 c4 c678 c612 c545 c14 c210
p3634
c721 c725 c42 c594 c437 c59 c132 c32 c366 c739 c963
p4962
c966 c89 c576 c747 c35 c875 c124 c280 c903 c887 c274 c828 c140 c199 c1 c187
p13804
c776 c652 c653 c634 c249 c751 c484 c476 c715 c545 c17 c445 c582 c644
p831
c963 c180 c191 c84 c828 c916 c838 c381 c747 c238 c823 c585 c33
p18612
c824 c379 c157 c140 c664 c543 c906 c531 c392 c599
p16537
c675 c798 c635 c903 c492 c715 c819 c409 c807 c133 c305 c545 c576 c996
p7331
c818 c596 c183 c951 c34 c113 c763 c526 c195 c67 c89 c262
p23596
c747 c936 c725 c593 c599 c191 c493 c346 c116 c857 c574
p15944
c195 c238 c67 c40 c999 c566 c149 c168 c896 c339 c948 c198 c654
p2997
c988 c124 c599 c37 c163 c271 c824 c6 c875 c288
p24630
c120 c159 c377 c161 c201 c26 c296 c398 c272 c578 c938 c907 c635
p23335
c790 c35 c59 c216 c903 c665 c596 c956 c202 c572 c608 c289 c275 c33 c564
p2583
c433 c692 c386 c629 c204 c828 c347 c16 c294 c519 c35 c358 c644 c750 c398 c807 c903 c790 c191
p8179
c227 c61 c792 c670 c636 c712 c918 c903 c288 c578 c648 c763 c124
p6653
c76 c398 c947 c30 c906 c831 c635 c307 c751 c724 c9 c486 c543 c963
p12730
c59 c24 c44 c558 c463 c358 c879 c161 c678 c612 c823
p11095
c655 c729 c495 c776 c100 c179 c659 c551 c531 c585 c688 c35
p20129
c152 c661 c581 c58 c745 c449 c555 c4 c962 c222 c462 c187 c698
p4341
c183 c150 c340 c828 c271 c824 c84 c495 c476 c166 c928 c747 c332
p20536
c275 c16 c191 c599 c243 c216 c660 c282 c942 c0 c26 c288 c158 c603
p457
c55 c69 c351 c512 c791 c670 c132 c467 c120 c601 c396 c180 c496 c933
p11097
c984 c409 c173 c571 c953 c377 c7 c792 c879 c784
p15912
c578 c32 c638 c715 c507 c300 c279 c712 c555 c100 c59 c38 c231 c294 c14 c89 c867
p14598
c153 c841 c86 c966 c243 c7 c303 c893 c147 c157 c358 c879 c994 c650
p9864
c751 c596 c69 c9 c661 c811 c831 c635 c857 c447 c296 c996 c653 c750
p17250
c954 c725 c267 c145 c984 c724 c377 c16 c526 c892 c612 c218 c664 c210 c124 c504 c846 c514 c142 c398
p6031
c332 c38 c903 c848 c59 c457 c793 c585 c637 c331 c653 c570
p19506
c438 c144 c745 c24 c282 c636 c445 c278 c558 c493 c563 c875 c559 c150 c597 c831 c406
p19238
c34 c740 c887 c632 c340 c486 c84 c48 c792 c9 c178 c17
p5716
c250 c325 c275 c383 c555 c70 c283 c545 c280 c655 c286 c38 c157 c519 c934 c271 c161
p11788
c591 c958 c879 c716 c944 c41 c26 c278 c747 c847 c55 c150 c459 c155 c519 c588
p18900
c564 c712 c824 c932 c832 c828 c784 c262 c476 c961 c345 c526 c261 c612 c857
p13531
c504 c145 c740 c263 c38 c581 c409 c601 c386 c48 c520 c76 c669
p23699
c953 c659 c961 c201 c383 c355 c7 c776 c504 c19 c345 c236 c543 c296 c598 c210 c637 c187
p23580
c846 c740 c937 c287 c351 c656 c38 c799 c89 c261 c531 c668 c599 c434 c963 c124 c252
p10518
c841 c495 c826 c218 c556 c267 c961 c867 c157 c859 c840 c659 c724 c603 c624 c853 c625 c823 c790 c100 c240 c9 c612
p16009
c443 c398 c637 c449 c271 c133 c675 c652 c885 c30 c578 c831 c447 c155 c648 c327
p24699
c105 c64 c563 c340 c514 c701 c879 c381 c377 c598 c384 c41 c459 c386 c173 c467 c504 c751 c204 c57 c500 c179 c903 c724 c780 c199 c963 c283 c520 c315 c726 c33 c24 c638 c555 c771
p15195
c969 c86 c879 c398 c289 c346 c556 c449 c445 c588 c77 c409
p4948
c634 c278 c55 c963 c933 c162 c702 c896 c153 c879 c17
p15072
c262 c792 c140 c566 c715 c482 c305 c201 c887 c38 c84 c286 c161 c198 c724 c716 c48 c798
p12895
c898 c572 c231 c603 c999 c249 c289 c655 c787 c24 c833 c819 c86 c152 c339 c659
p21848
c585 c33 c519 c637 c58 c4 c533 c545 c831 c948 c984 c351 c275
p8390
c823 c238 c57 c187 c907 c7 c406 c507 c332 c398 c938
p24018
c489 c35 c437 c67 c149 c712 c673 c59 c433 c191 c688 c288 c994 c124 c500 c947 c944 c40 c885
p12704
c578 c879 c740 c458 c580 c37 c59 c654 c668 c510 c466 c69 c842 c445 c500 c521 c32 c907
p20996
c655 c0 c827 c599 c347 c688 c581 c912 c227 c650 c963 c149 c664 c818 c542 c294 c39
p7602
c152 c178 c593 c44 c831 c451 c155 c556 c345 c360 c661 c585 c596 c780
p1015
c551 c277 c603 c721 c885 c24 c195 c824 c840 c696
p11811
c393 c147 c280 c307 c966 c938 c349 c222 c144 c637 c469 c178 c793 c61 c816 c195 c288 c386 c467 c406 c376 c655 c240 c9 c988 c249 c784
p24326
c142 c179 c512 c195 c286 c100 c158 c492 c963 c956 c48 c626 c13 c519 c656
p12834
c566 c486 c294 c76 c84 c33 c9 c388 c771 c637 c896 c588 c603 c228 c944 c751 c495
p16119
c278 c1 c828 c715 c648 c44 c163 c524 c747 c274 c572 c309 c280 c955 c198 c893
p16723
c828 c40 c280 c0 c116 c887 c30 c942 c555 c61 c210
p5507
c124 c198 c916 c594 c48 c528 c944 c179 c787 c551 c698 c834 c411 c149 c750 c745
p18139
c655 c909 c486 c204 c346 c222 c561 c161 c1 c504 c728 c724 c216 c210 c262 c132 c147
p5327
c703 c9 c826 c880 c648 c526 c659 c1 c198 c297 c581 c951
p1282
c0 c61 c756 c551 c558 c715 c307 c250 c492 c729 c574 c167 c955 c163 c818 c149 c747 c601 c155 c222
p5974
c339 c636 c16 c198 c9 c635 c632 c157 c305 c812 c124 c152 c108 c531 c942 c572 c35 c100 c948 c278 c484 c593
p24537
c303 c879 c514 c238 c603 c520 c411 c216 c841 c157 c360
p13510
c807 c644 c787 c790 c502 c903 c451 c751 c724 c521 c323 c578 c486 c654 c15 c70 c458 c150 c638 c880 c195 c437 c261
p8717
c120 c463 c158 c976 c406 c655 c612 c428 c230 c447 c887 c40 c249 c469 c634 c875 c198 c510 c652
p24707
c545 c947 c267 c842 c879 c149 c155 c467 c818 c115 c48 c198 c218 c476 c30 c86
p7133
c345 c124 c739 c366 c183 c879 c519 c252 c818 c198 c486 c19 c763 c9 c524 c848 c867 c163
p8831
c241 c824 c145 c37 c582 c222 c89 c963 c999 c793 c665 c955 c947 c101 c558 c33 c155 c650 c787 c976 c717 c659 c157 c688
p2091
c7 c898 c531 c652 c476 c223 c811 c603 c654 c521 c59 c150 c771 c524 c393 c655 c699 c961 c9
p196
c278 c932 c833 c831 c638 c572 c100 c307 c330 c787 c790 c883 c688 c195 c445 c510 c366 c698 c30 c467
p1604
c457 c969 c846 c726 c178 c64 c652 c826 c887 c271 c61 c198 c751 c879
p14048
c813 c880 c38 c58 c780 c721 c504 c267 c958 c152 c445 c39 c963 c654
p12183
c59 c331 c948 c543 c853 c846 c61 c879 c570 c832 c563
p19986
c69 c467 c622 c449 c780 c161 c574 c947 c19 c963 c168 c294 c636 c218 c573 c149 c599 c688 c325 c533 c892 c559 c7 c345 c715 c524 c724
p4524
c138 c61 c262 c296 c31 c243 c238 c937 c740 c77 c685 c195 c153 c963 c634 c519
p14152
c919 c158 c327 c451 c4 c462 c648 c26 c761 c428 c893 c933 c447 c409 c725 c57 c484 c754 c574 c396 c14 c340 c546 c846
p15840
c807 c747 c133 c518 c37 c280 c486 c216 c15 c925 c76 c136
p2533
c938 c198 c654 c493 c808 c828 c9 c300 c64 c201 c716 c32 c86 c712 c178 c860 c816 c514
p3279
c701 c953 c893 c994 c267 c120 c173 c205 c179 c433 c570 c659 c243 c665 c489 c504 c437 c30 c692 c199 c591 c566 c55 c261
p19779
c576 c48 c669 c445 c685 c585 c24 c558 c688 c521
p12506
c551 c907 c745 c635 c434 c644 c761 c105 c612 c496 c16 c195
p4120
c38 c999 c637 c696 c238 c252 c16 c598 c286 c521 c798 c347 c326
p23862
c503 c685 c305 c512 c955 c504 c447 c33 c108 c880 c907 c41 c717 c153
p18135
c558 c307 c331 c13 c132 c653 c582 c351 c494 c962 c61 c70 c366 c665 c155 c241
p9348
c879 c120 c963 c761 c140 c546 c715 c325 c434 c340 c859
p15305
c161 c157 c650 c123 c398 c205 c685 c655 c763 c578 c893 c187 c698 c42 c536 c944
p14407
c379 c283 c574 c668 c24 c180 c159 c307 c179 c163 c69 c873 c956 c210 c561 c678 c340 c659 c840 c153 c771 c449
p11365
c166 c59 c761 c339 c653 c994 c149 c267 c664 c543 c437
p3576
c279 c105 c954 c823 c438 c195 c546 c162 c327 c531 c495 c963 c58 c153 c261 c996 c67 c661
p2004
c152 c434 c892 c287 c445 c761 c596 c545 c624 c449 c61 c842 c355 c293 c812 c89 c831 c932 c216 c572
p4147
c834 c644 c668 c661 c351 c283 c463 c191 c824 c997 c953 c236 c275 c433 c780 c180 c428 c725 c963 c64 c149 c210 c591 c556 c857 c100 c873 c377 c458
p20519
c145 c199 c1 c745 c903 c670 c761 c776 c893 c61 c300 c41 c572 c566
p12289
c951 c673 c561 c963 c919 c650 c710 c66 c725 c660 c205 c198 c892 c24 c58 c241 c831 c688 c26 c504 c812
p5131
c715 c818 c514 c536 c873 c476 c398 c216 c70 c173
p23916
c916 c599 c750 c518 c267 c59 c294 c734 c823 c685
p7103
c846 c966 c222 c555 c580 c546 c157 c241 c494 c166 c701 c747 c158 c563 c969 c205
p1901
c100 c635 c817 c828 c601 c603 c293 c152 c808 c566 c243 c6
p9396
c588 c303 c724 c572 c828 c19 c840 c551 c205 c807 c834 c48
p13821
c650 c612 c685 c988 c728 c157 c984 c591 c799 c210 c158 c961 c833 c9 c892
p20045
c938 c275 c147 c848 c561 c808 c743 c379 c267 c816 c443 c543 c309 c18 c179
p7381
c546 c494 c790 c262 c275 c887 c745 c463 c271 c297 c808 c398
p8707
c903 c823 c377 c932 c893 c278 c4 c812 c465 c906 c35 c524 c300 c873 c655 c486 c198
p18288
c792 c955 c280 c327 c205 c20 c716 c880 c241 c14 c536 c507 c55
p19899
c807 c780 c388 c635 c152 c33 c59 c76 c355 c384 c761
p9096
c715 c267 c351 c729 c124 c55 c558 c393 c561 c702 c32 c262 c26 c761 c37 c283 c875 c502 c398 c813 c167
p22772
c545 c725 c120 c388 c340 c303 c847 c467 c412 c692 c879 c229 c494 c287 c201 c48
p14984
c227 c715 c999 c558 c271 c545 c948 c665 c124 c546 c504 c724 c489 c345 c934
p22832
c326 c494 c817 c205 c153 c928 c195 c838 c58 c411 c919 c848 c14 c729 c55 c222 c653 c654
p706
c108 c412 c936 c792 c303 c202 c716 c216 c205 c798 c857 c252 c67 c654 c896 c307
p8864
c696 c545 c84 c243 c240 c542 c808 c384 c14 c626 c447 c155 c599 c120 c32
p24716
c670 c938 c326 c280 c286 c831 c824 c33 c771 c999 c30 c386 c44 c288
p19935
c780 c670 c187 c84 c808 c326 c149 c179 c409 c484 c660
p14665
c791 c30 c100 c381 c384 c784 c634 c282 c238 c966 c656 c195
p23628
c495 c33 c34 c573 c819 c163 c496 c558 c996 c763 c531 c834 c634 c808 c70 c599 c61 c459 c16
p24623
c636 c808 c818 c875 c564 c183 c282 c48 c252 c887 c153 c834
p5957
c632 c521 c944 c20 c34 c938 c205 c603 c476 c654 c670 c58
p5606
c303 c293 c824 c398 c556 c201 c652 c859 c963 c132 c412 c948 c195 c241 c572 c588 c231 c685
p16374
c360 c675 c909 c954 c64 c161 c204 c564 c32 c984 c934 c326 c183 c433 c16
p1184
c136 c66 c159 c622 c543 c504 c149 c157 c518 c776 c398 c848
p24561
c728 c692 c685 c14 c69 c556 c656 c199 c155 c910 c555 c729 c161
p7524
c531 c339 c195 c155 c685 c729 c588 c398 c603 c867 c331 c816 c518 c840 c44 c664 c754 c459 c123 c576 c381 c559 c152 c108
p15522
c57 c947 c793 c153 c823 c64 c145 c873 c406 c296 c38 c892 c428 c585
p17039
c948 c84 c715 c652 c241 c216 c812 c787 c30 c638 c326 c305 c661
p23182
c636 c903 c906 c698 c469 c229 c596 c591 c518 c262 c842 c963
p2684
c355 c634 c570 c824 c26 c807 c437 c434 c563 c828 c808 c486 c379
p5550
c205 c239 c792 c531 c61 c331 c599 c724 c76 c955 c180 c936 c655 c6 c925
p18010
c860 c39 c669 c612 c159 c278 c249 c332 c277 c24 c893 c692 c44 c885 c326 c729 c653 c624
p21632
c581 c230 c398 c873 c179 c838 c296 c603 c167 c315 c201
p21941
c514 c377 c823 c648 c887 c366 c35 c652 c521 c346 c656 c100 c447 c790 c665 c907 c938 c685 c827
p16149
c35 c824 c33 c715 c903 c275 c161 c761 c300 c494 c262 c147 c948 c463 c771 c646 c183
p6913
c1 c572 c228 c108 c100 c827 c168 c717 c750 c66 c848 c780 c267 c879 c198 c958 c563 c179 c191 c428 c412 c398 c841 c351 c626 c936 c578 c263 c808
p16380
c932 c699 c280 c793 c133 c202 c70 c951 c585 c531 c685 c249
p892
c603 c790 c655 c396 c955 c59 c149 c659 c238 c48 c326
p9429
c489 c644 c654 c66 c887 c484 c7 c48 c831 c198 c230 c716 c1 c734 c546 c201 c780 c504 c278 c879 c195 c585 c240 c725 c180 c55 c326
p529
c692 c305 c1 c324 c16 c831 c476 c155 c828 c77 c780 c303 c108 c345
p23904
c593 c918 c806 c24 c462 c763 c867 c883 c9 c293 c150 c601 c202 c428 c331 c205 c458 c784 c252 c634
p14186
c668 c747 c84 c218 c882 c951 c637 c116 c648 c745 c467 c307 c823
p6518
c149 c947 c388 c195 c916 c558 c880 c153 c603 c665 c787 c551 c804 c953
p2492
c572 c607 c58 c655 c862 c433 c710 c728 c585 c879
p5269
c148 c360 c808 c963 c447 c309 c526 c392 c376 c48 c976 c912
p11992
c205 c574 c409 c76 c787 c848 c249 c32 c840 c792 c806
p13692
c726 c654 c859 c510 c578 c191 c614 c712 c330 c388 c9
p21640
c280 c751 c659 c818 c100 c340 c944 c607 c493 c205 c660
p2701
c504 c136 c34 c201 c819 c812 c514 c685 c66 c278 c988 c286 c599 c158 c906 c655
p19545
c947 c4 c879 c655 c355 c712 c261 c482 c231 c326 c578 c660 c57
p19481
c653 c953 c963 c942 c660 c205 c564 c791 c89 c813 c614
p10250
c105 c486 c685 c664 c512 c956 c723 c955 c216 c55 c563 c124 c655
p4473
c763 c804 c44 c808 c734 c9 c635 c520 c862 c331 c149
p7907
c323 c531 c148 c303 c826 c873 c834 c625 c445 c880 c178 c542
p18761
c578 c145 c238 c792 c966 c278 c816 c750 c324 c42 c570 c409
p16216
c315 c16 c678 c493 c158 c551 c393 c58 c607 c77
p5802
c274 c169 c543 c570 c582 c198 c205 c32 c138 c784 c24 c712 c162 c831
p18998
c449 c191 c893 c739 c326 c324 c155 c199 c398 c636 c524 c723 c919 c688 c227 c818 c39 c340 c38 c123 c179 c195
p8335
c108 c0 c17 c729 c339 c806 c282 c555 c458 c743 c594 c531 c842 c811
p3323
c238 c324 c551 c277 c493 c124 c933 c286 c58 c393 c309
p1937
c873 c665 c536 c59 c469 c879 c976 c578 c828 c347 c963 c303 c327 c355 c831 c282 c14 c612 c409 c936 c67 c476 c893 c261 c806 c120
p10440
c108 c66 c296 c393 c169 c288 c896 c178 c355 c887 c198 c653 c180
p13027
c963 c840 c652 c907 c305 c324 c205 c533 c692 c0 c283 c585 c398
p5477
c703 c169 c545 c202 c841 c664 c887 c526 c16 c409 c632 c351 c326 c39
p8099
c305 c280 c324 c229 c570 c634 c239 c376 c398 c578 c437
p4160
c7 c489 c303 c238 c223 c818 c108 c963 c149 c44 c148 c812 c804
p24768
c804 c661 c195 c780 c582 c883 c180 c510 c406 c76 c504
p18264
c597 c598 c723 c279 c7 c9 c61 c841 c675 c449 c792 c724 c324 c561 c476 c644 c566 c305
p19717
c58 c696 c16 c816 c685 c59 c57 c862 c828 c793 c955 c486 c239
p3866
c77 c520 c937 c458 c340 c9 c652 c148 c734 c570 c30 c545
p21272
c804 c100 c653 c807 c433 c48 c13 c599 c564 c324 c880 c729 c654 c675 c906 c816 c24 c635 c726 c846 c954 c507 c252 c912 c818
p5314
c240 c780 c597 c669 c496 c445 c572 c9 c48 c792 c556 c526 c324 c24
p21820
c447 c685 c804 c500 c698 c652 c205 c55 c340 c963 c6 c108 c411 c465 c305 c250
p6399
c955 c546 c324 c958 c804 c24 c120 c685 c1 c283 c514 c204 c875 c712 c831 c205
p2089
c668 c545 c754 c859 c828 c286 c954 c831 c804 c880 c148 c790 c723
p12790
c685 c398 c493 c808 c239 c500 c599 c566 c793 c44 c546 c272 c449 c745 c339 c751 c201 c198 c572 c573 c489 c571 c297 c278 c938 c393 c138 c84 c61 c591
p499
c660 c346 c61 c286 c398 c556 c882 c808 c358 c476 c345 c636 c536 c603 c842 c411 c726 c155 c520
p3723
c38 c218 c804 c574 c944 c173 c668 c994 c500 c652 c39
p13470
c542 c296 c817 c360 c157 c518 c113 c558 c377 c236 c467 c653 c59 c634 c434 c261 c546 c279 c582 c996 c195 c280 c862 c326
p10819
c366 c493 c324 c665 c267 c648 c133 c729 c459 c955 c198 c150 c30
p6507
c828 c66 c227 c603 c798 c546 c934 c963 c906 c16 c86 c504 c205 c892 c574 c531 c692 c745
p12885
c599 c240 c994 c834 c153 c841 c19 c882 c543 c169 c24 c831 c243 c136 c936 c1 c330
p3335
c804 c59 c76 c180 c315 c648 c668 c492 c486 c381
p3568
c574 c862 c293 c433 c148 c287 c729 c745 c947 c622 c493 c398 c108 c166 c654 c152 c504 c833 c15
p491
c324 c58 c726 c828 c873 c572 c325 c598 c145 c159 c745 c558 c656 c493 c614 c278
p19807
c607 c882 c636 c831 c685 c48 c366 c561 c793 c826 c652 c880 c76 c588 c15 c634 c504 c205
p21654
c239 c476 c24 c833 c519 c267 c644 c179 c155 c351 c41 c332 c862 c626 c409 c495 c698 c608 c804 c963 c747 c180 c157 c558 c585 c937 c578 c703
p6828
c84 c951 c561 c831 c514 c198 c18 c685 c578 c40 c101
p12217
c238 c879 c305 c745 c882 c451 c366 c386 c315 c813
p10289
c804 c816 c138 c120 c966 c117 c867 c591 c896 c61 c434 c39
p24378
c324 c823 c717 c603 c876 c438 c572 c597 c655 c159 c944 c510 c476 c883
p1756
c678 c133 c665 c520 c249 c954 c612 c340 c19 c411 c167 c130 c294 c150 c875 c739 c947 c297 c906 c224 c545 c327 c916 c136 c30 c377 c187 c70 c999 c15 c955 c919 c360
p12904
c457 c263 c892 c994 c13 c661 c48 c388 c531 c108 c577
p17541
c567 c459 c396 c73 c409 c593 c398 c938 c826 c66 c205 c124 c807
p4340
c648 c776 c803 c725 c309 c149 c792 c376 c885 c355 c69 c198
p17299
c803 c566 c216 c907 c484 c180 c576 c252 c349 c500 c40 c956 c44 c675
p20294
c747 c6 c808 c696 c591 c398 c73 c443 c673 c763
p2031
c38 c267 c873 c198 c105 c89 c808 c637 c159 c699 c833 c969 c293 c558 c803 c241 c100 c205
p22744
c580 c288 c862 c61 c117 c108 c76 c664 c963 c502 c614
p17344
c347 c66 c938 c721 c59 c393 c528 c326 c115 c155 c577 c37 c654 c724
p11444
c58 c636 c512 c287 c495 c153 c601 c929 c513 c64 c288 c388 c724
p11979
c345 c942 c198 c496 c437 c726 c580 c73 c698 c524 c521 c434 c932 c910 c531
p9555
c227 c947 c1 c486 c383 c324 c117 c536 c526 c591 c230 c133 c149
p14019
c807 c148 c44 c729 c277 c191 c73 c678 c113 c55 c377 c567
p19669
c19 c393 c999 c26 c929 c692 c437 c32 c205 c100
p15181
c578 c9 c942 c626 c30 c659 c59 c841 c963 c224 c130 c603
p15728
c469 c159 c792 c503 c224 c349 c963 c123 c155 c784
p436
c838 c938 c17 c688 c48 c678 c14 c437 c100 c484 c928 c351 c44 c665 c847 c803 c504
p12476
c577 c347 c561 c659 c58 c954 c932 c41 c808 c205 c696
p12269
c907 c228 c447 c567 c929 c59 c580 c398 c16 c377 c239 c345 c330 c798 c61 c249
p23751
c4 c406 c271 c149 c925 c136 c32 c504 c818 c661 c803 c956 c726
p11066
c277 c614 c887 c57 c340 c169 c30 c458 c933 c578 c591 c130 c734 c132 c685 c955
p16902
c624 c27 c428 c685 c892 c951 c218 c857 c947 c117 c862 c578 c597 c19 c229
p16668
c149 c202 c198 c445 c875 c614 c787 c30 c994 c593 c740 c324 c876 c712 c433 c531 c653 c41 c561 c280 c717 c791 c69 c19 c635 c163 c655 c325
p23014
c804 c790 c793 c848 c73 c577 c947 c833 c216 c117 c411 c267 c880 c180 c806
p6715
c129 c675 c124 c909 c224 c873 c938 c644 c384 c287 c999
p4872
c159 c572 c723 c489 c61 c133 c117 c724 c124 c665 c754 c332 c669 c307 c443 c31
p14895
c199 c178 c803 c309 c555 c545 c150 c963 c282 c906 c804 c625 c66 c808 c205 c243 c938
p82
c67 c601 c136 c277 c556 c20 c963 c130 c108 c907 c216 c205 c976 c653 c951
p16459
c962 c327 c798 c59 c347 c224 c637 c860 c250 c859 c632 c324 c685 c936 c26
p23852
c191 c559 c130 c597 c384 c486 c447 c227 c41 c629 c202 c138 c296 c178 c205 c224
p4824
c358 c157 c988 c929 c768 c330 c136 c756 c34 c531 c877 c670 c994 c326
p24119
c393 c944 c578 c701 c876 c580 c842 c130 c938 c120 c486
p3739
c145 c57 c925 c409 c963 c803 c205 c383 c636 c15 c89 c261 c388 c283 c659 c717 c86 c30 c867
p14023
c563 c445 c887 c838 c996 c41 c383 c73 c853 c831 c519 c963 c947 c239 c130 c393 c484 c526 c144
p17369
c828 c655 c803 c873 c734 c205 c495 c377 c486 c804 c818 c840
p21591
c716 c224 c776 c504 c717 c205 c140 c994 c833 c149 c955 c598 c309 c105 c556 c351
p9803
c896 c638 c528 c665 c831 c30 c327 c811 c398 c227 c652 c293 c58 c117
p21461
c918 c842 c740 c1 c862 c70 c692 c201 c236 c867 c384 c792 c493 c340 c100 c133 c567 c675 c510
p418
c459 c274 c86 c449 c158 c433 c377 c929 c803 c873 c812 c159 c644
p9002
c117 c70 c798 c44 c148 c163 c309 c828 c652 c919 c66 c840 c167 c150
p5157
c834 c340 c518 c665 c963 c216 c567 c578 c996 c898 c928
p23682
c345 c9 c887 c558 c678 c191 c976 c117 c279 c545 c133
p23088
c40 c205 c148 c202 c655 c58 c324 c578 c288 c665
p20547
c780 c692 c944 c7 c812 c665 c685 c876 c954 c799 c725 c346
p7173
c826 c239 c808 c638 c163 c100 c121 c324 c661 c999 c271 c876 c73 c138
p17856
c113 c987 c906 c180 c688 c351 c216 c59 c757 c585 c685 c603 c243 c574 c267 c202 c466 c218
p7631
c23 c117 c655 c841 c296 c152 c124 c294 c76 c307 c144 c140 c377 c199
p16769
c963 c227 c411 c599 c142 c594 c145 c280 c644 c572 c201 c724 c851 c153
p16511
c287 c37 c169 c776 c511 c504 c712 c286 c98 c652 c867
p12469
c392 c84 c288 c379 c278 c478 c816 c61 c842 c224 c634
p20526
c848 c545 c859 c293 c653 c377 c100 c19 c433 c67 c625 c638 c648 c159 c283 c349 c743 c834 c123 c668 c309 c663 c493
p7367
c842 c324 c392 c14 c908 c892 c561 c282 c997 c851 c699 c953 c570 c166 c958 c533 c330
p2931
c145 c976 c64 c327 c580 c224 c514 c449 c898 c624 c750 c23 c57 c728
p3165
c599 c148 c354 c26 c140 c223 c239 c763 c9 c793 c458 c710 c816 c665
p24030
c24 c524 c155 c660 c437 c462 c478 c201 c841 c191
p7688
c875 c433 c893 c168 c521 c692 c803 c354 c578 c790 c38 c464 c503 c61 c167 c947 c582 c636 c944 c144 c976 c239 c224 c846 c101 c16 c493 c528
p12205
c564 c163 c840 c963 c826 c173 c283 c747 c665 c511 c58 c241
p8169
c661 c411 c792 c513 c531 c261 c734 c117 c834 c213 c703 c841 c73
p7375
c729 c486 c339 c754 c576 c149 c929 c725 c58 c458 c482 c652 c478 c447 c437 c159
p22459
c653 c963 c526 c798 c655 c296 c159 c827 c807 c848 c98 c916 c307 c495 c831 c893
p1256
c201 c808 c637 c678 c204 c138 c652 c86 c288 c23 c283
p20088
c938 c598 c55 c347 c280 c828 c98 c457 c919 c725 c159 c521 c883 c458 c524 c279 c58 c556 c393 c263
p1323
c478 c24 c117 c496 c469 c723 c376 c818 c412 c593 c896 c17 c459 c750 c907 c963 c724 c191 c195 c799
p12821
c358 c24 c519 c622 c449 c228 c138 c588 c963 c478 c818
p5208
c588 c282 c339 c286 c876 c7 c747 c546 c55 c511
p11877
c279 c857 c433 c648 c324 c614 c818 c293 c582 c954 c309 c13 c999 c650 c1 c907 c98
p13943
c898 c123 c159 c851 c893 c277 c793 c437 c966 c224 c787 c862 c88
p14888
c166 c751 c23 c636 c947 c776 c484 c438 c832 c195 c994
p20040
c222 c100 c261 c500 c393 c827 c721 c289 c740 c947 c954 c231 c739 c908 c409
p21944
c346 c162 c493 c98 c792 c976 c30 c971 c16 c851 c831 c988 c129 c26 c944 c458
p19188
c607 c947 c963 c303 c808 c969 c105 c144 c614 c908 c34 c309
p7785
c513 c396 c345 c478 c729 c841 c252 c668 c561 c661 c564 c834 c136 c140 c7
p6693
c213 c66 c157 c876 c812 c803 c648 c324 c326 c152 c804 c511 c384 c355
p15146
c908 c293 c61 c434 c818 c271 c9 c303 c873 c826
p23011
c947 c655 c696 c187 c859 c717 c24 c963 c88 c599
p239
c806 c966 c842 c34 c578 c652 c887 c478 c582 c567 c526
p18688
c546 c150 c354 c954 c465 c224 c296 c433 c757 c436 c953 c652 c644
p10583
c669 c178 c495 c55 c521 c531 c585 c929 c307 c278 c379 c724 c449 c340 c286 c412 c218 c842 c962 c142 c66 c478 c659 c524 c67 c717
p23618
c249 c398 c808 c696 c603 c819 c812 c213 c345 c24 c925 c828 c936
p5625
c659 c117 c445 c178 c558 c654 c105 c987 c288 c582
p409
c478 c88 c768 c685 c893 c278 c624 c354 c660 c73 c38 c224 c807 c502 c603 c297 c585 c751
p19181
c723 c339 c803 c280 c130 c987 c591 c887 c652 c6 c205 c433 c138
p22970
c728 c155 c566 c661 c840 c725 c757 c86 c780 c24 c817 c381 c790 c546 c44
p14954
c449 c622 c536 c987 c804 c240 c324 c169 c32 c13 c723 c272 c909 c280 c567
p7372
c326 c644 c133 c574 c860 c754 c148 c787 c994 c669 c445 c685 c115 c117 c893 c179 c58 c222
p9088
c0 c252 c88 c202 c564 c808 c956 c542 c875 c48 c108 c332 c34
p2796
c698 c757 c545 c572 c486 c784 c504 c937 c73 c213 c218 c354 c121 c531 c734 c954
p11818
c994 c23 c44 c243 c504 c108 c636 c603 c58 c286 c558 c130 c201
p19840
c205 c932 c326 c252 c173 c282 c811 c486 c360 c685 c599 c55 c851 c510 c551
p19871
c66 c717 c675 c294 c607 c443 c925 c994 c267 c149 c98 c543 c531 c533
p5321
c612 c916 c123 c597 c757 c976 c195 c70 c355 c776 c665
p3852
c84 c790 c851 c577 c685 c282 c31 c572 c526 c289 c213 c484
p3559
c637 c792 c158 c556 c98 c218 c504 c377 c0 c803 c44 c163 c396 c751 c919 c966 c892 c120 c325
p6344
c59 c842 c486 c478 c149 c834 c806 c489 c893 c862
p12988
c750 c48 c984 c37 c510 c309 c558 c278 c478 c69 c860 c216 c381 c577 c808 c241 c263 c947 c436 c224 c347
p14091
c564 c591 c117 c526 c58 c198 c377 c457 c612 c249 c893 c932 c55 c384 c546 c816 c757 c812 c792 c307 c195
p1133
c712 c808 c252 c108 c16 c624 c277 c7 c132 c69 c987 c14 c763 c656 c776 c288 c665 c725 c26 c831
p14319
c218 c24 c41 c153 c57 c545 c447 c729 c324 c754 c354 c289 c807
p12667
c743 c910 c898 c58 c478 c59 c249 c346 c608 c274 c947 c384 c340 c148 c449 c17 c433
p14172
c812 c653 c379 c567 c996 c478 c32 c906 c288 c398 c88 c519 c198
p4816
c376 c58 c669 c997 c876 c130 c536 c98 c155 c465 c685 c808 c210 c893 c734 c286 c840 c201 c603
p6863
c507 c806 c599 c514 c180 c987 c652 c345 c572 c195 c44 c933
p17890
c851 c638 c526 c928 c27 c267 c396 c511 c349 c169 c885 c862 c880 c148 c66 c133
p16274
c19 c267 c751 c261 c659 c665 c263 c806 c987 c213 c229 c459
p9683
c507 c599 c354 c496 c944 c66 c792 c398 c77 c24 c559 c751 c757 c678
p13039
c282 c545 c536 c279 c636 c500 c757 c453 c817 c278 c149 c412 c307 c831 c663 c857 c406 c614
p8322
c635 c648 c330 c971 c296 c263 c519 c853 c409 c14 c987 c58 c280
p18756
c73 c358 c249 c531 c757 c339 c654 c69 c157 c138 c792 c653 c286 c564 c222
p12189
c105 c724 c988 c757 c670 c173 c818 c130 c230 c747 c98 c832 c286 c702
p842
c966 c831 c570 c347 c48 c504 c877 c963 c574 c512 c145 c360 c908 c564 c555 c84 c717
p18967
c634 c518 c9 c806 c996 c951 c355 c433 c121 c987 c543 c729 c108 c30 c327 c23
p4346
c660 c16 c324 c842 c280 c808 c688 c40 c252 c34 c293 c851 c994 c162 c101 c792 c654 c150 c478 c159 c58 c1
p19065
c857 c14 c267 c98 c834 c971 c296 c599 c303 c883 c862 c875 c644 c955 c76 c437 c614 c323 c768 c823 c239 c632 c224
p2317
c653 c339 c279 c925 c24 c377 c573 c277 c117 c954 c757 c271 c130 c725 c73
p11902
c725 c120 c307 c271 c655 c14 c577 c906 c159 c787 c776 c599 c409 c309 c331 c98
p24367
c9 c591 c873 c351 c213 c918 c158 c876 c76 c59 c971 c236 c542 c701 c243 c26 c828 c566 c282 c818 c937 c699 c191
p4136
c969 c388 c792 c227 c205 c585 c379 c816 c531 c179 c987 c252 c669 c521 c603 c798 c180 c330 c152 c121 c808
p19115
c133 c701 c19 c496 c999 c216 c144 c607 c218 c478 c653 c88 c934 c608 c656 c358 c24 c199 c9 c67 c819 c326 c823
p8249
c531 c136 c919 c518 c38 c576 c637 c58 c142 c462 c355 c675 c20 c652 c585 c158 c887 c289 c908 c210 c757
p1906
c277 c963 c818 c340 c841 c478 c436 c859 c398 c358 c465 c243 c526 c846
p9258
c654 c294 c908 c932 c69 c853 c155 c100 c324 c851 c469 c857 c19 c564 c558 c629 c16 c84 c519 c66 c123 c912
p13112
c458 c64 c918 c533 c495 c898 c252 c123 c503 c100 c808 c294 c784 c804 c124 c908 c536 c133 c703 c98 c178 c130 c166 c61 c243 c205 c853 c734 c573 c228 c551 c69 c545 c594 c880 c140
p13847
c324 c453 c354 c278 c26 c947 c963 c818 c325 c500
p23629
c826 c963 c354 c496 c148 c9 c614 c804 c296 c675 c108 c574 c202 c818 c271 c521 c811 c751 c966 c567 c69 c163 c776 c166 c747 c987
p7805
c954 c582 c412 c599 c459 c44 c976 c201 c309 c908 c243 c138 c661 c803 c659
p9862
c17 c280 c585 c698 c476 c48 c478 c32 c469 c932 c61 c434 c486 c120
p8287
c280 c599 c377 c533 c908 c504 c999 c1 c896 c16
p34
c563 c754 c577 c26 c955 c531 c873 c66 c145 c597 c133 c117 c598 c665 c661 c578 c187 c129 c180
p17551
c526 c798 c377 c149 c908 c406 c489 c831 c519 c324
p9842
c195 c351 c572 c883 c274 c716 c23 c98 c243 c652 c571 c287 c476 c66 c124 c495 c665 c873
p14781
c486 c116 c664 c563 c574 c9 c663 c846 c202 c216 c784 c898 c458 c84 c545 c16 c597 c27 c243 c603 c808 c724 c524 c668 c224 c155 c489 c908 c520 c655 c59 c504 c840
p6045
c55 c274 c231 c908 c892 c67 c893 c492 c57 c495 c578 c514 c520 c632 c22 c990 c556 c831 c818 c100 c7
p10090
c180 c205 c427 c230 c9 c792 c88 c734 c936 c179 c862 c398 c937
p19627
c381 c120 c536 c876 c59 c644 c574 c149 c18 c804 c481 c653 c853 c108 c655 c531 c634 c603 c668 c791 c875 c241 c354 c66 c564 c838
p22079
c589 c962 c851 c294 c739 c955 c195 c847 c216 c201
p22498
c807 c340 c710 c140 c130 c504 c685 c476 c944 c728 c29 c593 c157 c75 c286
p16160
c239 c263 c434 c169 c828 c326 c803 c436 c367 c459 c144 c19 c283 c384 c906
p6574
c158 c635 c545 c589 c725 c409 c462 c652 c117 c984 c828 c678
p13132
c638 c324 c340 c567 c30 c239 c98 c367 c327 c227 c747 c148 c482 c504
p3175
c138 c963 c271 c140 c929 c57 c367 c459 c660 c195 c816 c48 c438
p16210
c486 c303 c286 c277 c67 c267 c887 c808 c278 c990 c912 c842
p4859
c954 c500 c596 c793 c854 c7 c661 c169 c40 c659
p18191
c148 c75 c229 c86 c26 c327 c558 c58 c384 c222 c851
p21447
c478 c716 c546 c210 c637 c16 c437 c963 c123 c578 c818 c812 c355 c32 c474 c296 c502 c763
p11026
c716 c433 c756 c963 c167 c4 c632 c9 c840 c367 c166 c842
p19356
c909 c726 c224 c29 c267 c280 c88 c289 c692 c734 c811
p16989
c663 c599 c947 c990 c55 c944 c910 c162 c971 c252 c449 c140 c597 c469 c862 c958
p13569
c877 c377 c406 c105 c210 c859 c162 c763 c862 c990 c173 c612 c223
p5238
c14 c919 c296 c582 c625 c750 c155 c345 c29 c688 c873 c434 c224 c585 c438 c436 c607 c555 c15 c792 c963
p12741
c150 c593 c638 c710 c597 c331 c944 c227 c325 c88 c790 c73 c496 c367
p22664
c133 c239 c546 c377 c459 c513 c908 c751 c493 c793 c816 c263 c971
p7554
c332 c218 c588 c559 c493 c427 c652 c808 c239 c61 c545
p20680
c696 c469 c201 c39 c303 c818 c98 c910 c806 c637 c445 c396 c954 c195 c906 c567 c724 c994 c685 c347 c751 c467 c659 c376 c252 c593 c150 c670 c860 c100 c928 c287
p15298
c324 c30 c799 c573 c665 c180 c999 c570 c32 c294 c854 c938 c898 c48 c551 c944 c297 c652 c637 c740 c614
p504
c55 c1 c478 c661 c832 c803 c570 c887 c327 c428 c427 c594 c721 c572 c159 c61
p19495
c267 c599 c685 c98 c659 c969 c213 c493 c589 c58 c330 c932
p7288
c136 c465 c367 c652 c626 c951 c252 c351 c827 c601 c570 c243 c48 c482 c44
p20765
c892 c324 c589 c204 c38 c896 c518 c808 c751 c572 c489 c1 c955 c40 c223 c893 c542
p10858
c75 c331 c409 c906 c740 c519 c191 c20 c577 c880 c589
p16507
c327 c133 c115 c668 c589 c173 c885 c808 c286 c942 c831 c9 c324 c409 c124 c578 c787 c916 c443 c427 c685 c637
p14231
c521 c723 c531 c669 c551 c152 c757 c567 c892 c326 c990 c411
p23729
c944 c724 c520 c481 c678 c558 c263 c593 c398 c459 c449 c807 c880 c6 c158 c340 c150 c906 c876
p7705
c117 c377 c433 c30 c763 c150 c398 c495 c876 c806 c581 c990 c0 c27 c55 c98 c88 c511
p3319
c612 c383 c481 c159 c510 c279 c447 c793 c828 c603 c4 c754 c205 c48 c149 c944
p18359
c100 c937 c449 c252 c398 c340 c239 c561 c377 c75 c818 c495 c987 c654 c546 c984 c570
p44
c862 c512 c754 c638 c283 c303 c988 c48 c277 c828 c228 c496 c929 c892 c700 c152 c73 c40 c954 c806 c59 c69 c355 c1 c612 c854
p11288
c908 c478 c520 c847 c70 c599 c747 c22 c140 c521 c4 c481 c806 c98 c286
p17727
c833 c857 c252 c41 c464 c716 c351 c76 c227 c149 c64 c892 c210 c261 c912 c205 c938 c580 c589
p17082
c893 c327 c108 c724 c918 c807 c309 c280 c152 c167 c876 c274 c791 c340 c854 c652 c510 c947 c656
p15339
c267 c462 c655 c712 c324 c589 c201 c938 c73 c545 c44 c603 c955 c84 c564 c828 c379 c339
p6619
c668 c42 c496 c283 c140 c67 c144 c577 c58 c721 c831 c862 c367
p18427
c149 c678 c272 c412 c38 c660 c908 c987 c702 c971 c685 c576 c747 c637 c589 c644 c132 c77
p14502
c504 c570 c240 c263 c355 c804 c604 c388 c340 c577 c205 c887 c377 c942 c398 c9 c159 c828 c75
p4738
c990 c588 c100 c41 c195 c670 c831 c726 c411 c280 c303 c653 c213 c358 c787 c199 c239 c846
p1283
c546 c636 c807 c626 c66 c325 c309 c854 c409 c294 c354 c449 c696 c724 c293 c396 c467
p22107
c263 c169 c536 c932 c701 c354 c162 c27 c75 c854 c578
p9322
c663 c367 c427 c239 c216 c546 c163 c66 c205 c893 c673 c64
p19343
c105 c909 c267 c121 c140 c545 c149 c589 c507 c271 c355 c726
p20159
c280 c808 c500 c326 c806 c612 c768 c581 c763 c381 c249 c880 c202 c636 c168 c409 c327 c710 c685 c486 c757 c278 c309 c566
p4967
c558 c326 c685 c486 c42 c484 c267 c589 c293 c518 c652 c398
p6991
c543 c984 c578 c76 c277 c346 c445 c807 c724 c324 c929 c828 c751 c89 c16 c841 c685 c644 c558 c589 c267
p9747
c504 c966 c715 c887 c179 c947 c1 c263 c427 c659 c44 c261
p13870
c740 c876 c198 c494 c191 c360 c763 c289 c664 c326 c243 c262 c130 c875 c13 c612 c280 c857
p9857
c787 c398 c144 c771 c828 c252 c655 c24 c183 c580 c854 c267 c862 c133
p23902
c67 c996 c578 c860 c84 c367 c300 c222 c833 c458 c624
p3013
c132 c38 c152 c520 c803 c161 c377 c929 c228 c286 c851
p24907
c841 c669 c115 c543 c437 c287 c443 c893 c73 c168 c100 c908 c35 c41 c433 c158 c536 c4 c23 c466
p23800
c201 c339 c903 c599 c824 c180 c167 c747 c757 c638 c546
p11944
c166 c58 c324 c661 c32 c875 c944 c892 c938 c98 c494
p21908
c988 c784 c934 c289 c953 c117 c493 c933 c903 c108 c459 c612 c75
p19909
c948 c728 c309 c685 c204 c976 c632 c545 c591 c61 c138 c162 c130
p8136
c17 c903 c229 c331 c153 c459 c603 c108 c566 c216 c323 c205
p6803
c262 c546 c467 c908 c848 c566 c790 c702 c55 c474 c205 c840
p718
c751 c740 c278 c877 c966 c148 c457 c48 c288 c944 c577 c780 c659 c396 c9 c463 c465 c563 c906 c289 c572 c358
p22292
c955 c614 c73 c675 c275 c105 c332 c572 c659 c303 c791 c588 c648 c622 c354 c543 c293 c327 c88 c117 c447 c857 c44 c892 c842
p23763
c278 c942 c98 c663 c383 c326 c324 c947 c149 c824
p11257
c469 c944 c761 c715 c89 c528 c966 c283 c201 c121 c261 c294
p6302
c757 c576 c412 c406 c26 c698 c938 c951 c646 c100 c955 c514 c213 c519 c990
p21865
c166 c108 c16 c84 c734 c824 c393 c458 c763 c578 c503 c847 c35 c157 c481 c834 c669
p2349
c150 c572 c227 c496 c178 c668 c73 c355 c916 c903 c703 c61 c994 c32 c77
p19841
c147 c205 c661 c918 c27 c987 c885 c98 c48 c696 c367 c502 c213 c33
p9933
c514 c478 c546 c86 c953 c685 c346 c443 c44 c928 c558 c757 c271 c807 c761 c908
p4720
c614 c603 c932 c202 c180 c938 c588 c9 c664 c280 c918 c6 c262 c947 c848 c665 c218 c492 c724 c589 c75
p21970
c278 c205 c551 c222 c757 c725 c117 c201 c531 c262 c593
p21449
c88 c239 c716 c876 c987 c510 c571 c180 c990 c66 c17 c324 c282 c597 c953 c195 c799 c831 c563 c685 c648
p7864
c819 c339 c944 c761 c148 c790 c715 c928 c599 c124 c724 c275 c57 c907
p15835
c149 c26 c271 c379 c851 c652 c187 c147 c598 c168 c780 c44
p9726
c976 c938 c692 c574 c132 c761 c22 c130 c263 c725 c715 c514 c377 c589
p15073
c723 c715 c818 c803 c198 c712 c804 c811 c976 c262 c326 c851 c574 c573 c511
p23000
c724 c161 c816 c838 c566 c857 c729 c44 c751 c638 c271 c692 c567 c780
p20332
c629 c44 c908 c793 c58 c520 c893 c117 c462 c33 c663 c396 c803 c381 c149
p24956
c790 c73 c354 c377 c626 c531 c840 c449 c808 c180 c685 c846 c567 c495 c223 c23 c213 c202 c665 c282 c66 c307 c976 c857 c594 c761 c566 c331 c9 c652 c117 c98 c216 c148 c478 c603
p13445
c954 c656 c803 c898 c948 c880 c784 c887 c18 c518 c875 c130 c703 c230 c383
p4858
c599 c150 c180 c808 c661 c142 c969 c32 c113 c971 c262 c726 c670 c833 c966 c799 c163
p11024
c42 c459 c223 c105 c987 c216 c161 c377 c73 c634 c58
p15907
c384 c339 c564 c827 c761 c64 c804 c961 c948 c818 c136 c274 c546 c826 c887 c703 c543 c558 c494
p14350
c589 c910 c66 c7 c572 c698 c521 c944 c149 c725 c100 c239 c294 c437 c966 c129 c803 c903 c912
p22782
c44 c987 c20 c520 c612 c955 c646 c309 c840 c848 c988
p2809
c67 c70 c58 c916 c907 c793 c286 c818 c958 c140 c831 c698 c984 c803 c696 c942 c892 c437 c903 c294 c564
p2202
c66 c494 c355 c653 c504 c486 c513 c925 c808 c724 c275 c169 c811 c519 c288 c502 c543 c857 c804 c262 c478 c717 c996
p13783
c928 c637 c447 c32 c167 c210 c761 c1 c803 c661 c205 c465 c98 c279 c33 c725 c966 c307 c572 c853 c300 c7 c159 c996 c556 c187 c354 c34 c30 c893
p946
c807 c558 c916 c449 c161 c262 c887 c44 c724 c906 c521 c478 c169 c570 c282 c653
p16020
c685 c205 c581 c956 c489 c150 c564 c324 c138 c263 c339 c152 c510 c589 c180 c808 c715 c278 c222 c117 c668 c725 c332 c961
p19242
c757 c521 c428 c867 c227 c496 c966 c644 c976 c840 c933 c999 c161 c464 c518 c494 c277 c149 c804 c282 c163 c524 c275
p21395
c467 c384 c892 c239 c644 c903 c761 c218 c213 c747 c61 c577 c4 c826 c938
p5147
c875 c799 c163 c277 c279 c466 c524 c564 c198 c205 c288 c942 c275 c710 c572 c48 c851 c504 c988 c124 c58 c546 c803 c816 c271 c347 c984
p24021
c89 c339 c948 c650 c32 c987 c73 c698 c692 c195 c574 c20 c58
p12485
c910 c678 c433 c831 c201 c263 c205 c476 c278 c148 c997 c162 c663 c824 c443 c427 c818 c761 c262 c907
p1050
c860 c564 c145 c551 c567 c500 c578 c724 c169 c428 c834 c634 c508 c739 c161 c355 c790 c892 c576 c574
p9284
c289 c545 c948 c996 c808 c632 c481 c64 c61 c893
p19787
c445 c195 c840 c502 c6 c903 c976 c130 c876 c159 c763 c661 c754 c198 c286 c593 c603 c279
p7794
c578 c35 c383 c41 c32 c354 c86 c332 c496 c289 c409
p2595
c57 c494 c936 c834 c48 c293 c504 c117 c180 c893 c521 c634 c668
p15841
c698 c147 c383 c999 c241 c546 c330 c966 c166 c531 c955 c893 c169 c918 c77 c757 c55 c58 c279 c115 c486 c599 c561 c100 c603 c712 c496 c734 c948 c626 c956 c1 c179 c840 c857 c634 c545 c519 c567 c280 c756 c524 c467 c887 c16
p9346
c536 c944 c35 c77 c228 c971 c6 c324 c654 c476 c685 c409 c489 c546 c120 c17 c818 c987 c571 c169 c388 c650 c824 c632 c591 c504 c596 c463
p8426
c293 c812 c955 c566 c449 c243 c367 c19 c41 c903 c152 c626 c205 c857 c507 c108 c33 c191 c724 c703 c990 c898
p16117
c908 c955 c136 c898 c158 c31 c326 c274 c824 c474 c819 c589 c161
p10566
c567 c893 c500 c599 c213 c239 c230 c16 c761 c860 c159 c61 c724 c262 c20 c791 c598 c701 c231 c577 c696 c531 c514 c954 c476 c507 c271 c98 c376 c294 c853
p18443
c984 c929 c7 c846 c496 c349 c903 c840 c73 c437 c108 c757
p2664
c916 c44 c947 c262 c77 c148 c670 c558 c198 c543 c161 c393 c105 c860 c9 c150 c16
p5627
c650 c564 c944 c27 c445 c851 c279 c69 c990 c951 c23 c55 c204 c478 c213 c578 c277 c948 c123 c798 c816 c572
p7164
c812 c573 c823 c130 c84 c326 c486 c458 c149 c504 c494 c495 c447 c275 c88 c35 c659 c675
p16977
c710 c239 c236 c108 c725 c195 c504 c887 c784 c130 c44 c300
p16775
c199 c392 c98 c824 c61 c984 c367 c262 c903 c876 c4
p848
c278 c729 c19 c59 c893 c261 c761 c834 c715 c668 c195 c867 c433 c903 c594 c300 c280 c327 c892 c717 c307 c130
p2030
c685 c482 c132 c944 c69 c493 c149 c466 c484 c108 c262 c908 c716
p22100
c17 c893 c13 c526 c35 c589 c467 c990 c101 c903 c976 c396 c16
p854
c701 c715 c531 c412 c969 c286 c149 c323 c846 c646 c563 c898 c953 c567 c961 c824 c443 c262 c948 c147 c599
p23267
c377 c449 c526 c887 c486 c542 c136 c324 c934 c578 c903 c392
p16049
c533 c27 c712 c152 c300 c903 c818 c637 c604 c929 c661 c504 c445 c806 c73 c956 c955 c263 c55 c624 c283 c751 c447 c824
p6142
c892 c149 c804 c289 c937 c601 c267 c33 c956 c652
p12601
c654 c692 c198 c358 c157 c262 c48 c659 c58 c105 c740 c388 c780 c954 c811 c73 c278 c971 c252 c22 c66 c136 c598 c824 c19 c35
p5796
c898 c854 c108 c398 c632 c818 c591 c841 c526 c715
p19151
c567 c354 c117 c593 c38 c637 c384 c272 c519 c231 c862 c893 c44 c202 c147 c16
p7068
c589 c24 c279 c1 c588 c240 c599 c761 c701 c887 c751 c502 c195 c48 c288
p11560
c325 c903 c283 c216 c906 c144 c603 c685 c712 c757 c453 c213 c427 c740 c148 c596 c791 c262
p9853
c250 c578 c933 c437 c556 c445 c696 c984 c551 c347 c23 c64 c198 c961 c280 c294 c205 c500 c938 c229 c511 c340 c297 c326 c545 c771 c263 c428 c20 c351 c988 c300 c543
p12291
c848 c715 c634 c854 c252 c360 c962 c243 c489 c449 c149 c545 c34 c646
p22855
c531 c116 c589 c551 c504 c761 c489 c570 c854 c252
p14164
c955 c86 c388 c803 c180 c588 c824 c331 c492 c558 c55 c398 c406 c309 c409 c34 c59 c149
p15256
c48 c35 c793 c851 c929 c1 c715 c818 c954 c508 c885
p20105
c860 c771 c133 c494 c195 c478 c510 c198 c70 c31 c263 c183 c288 c807
p11806
c692 c465 c660 c572 c859 c918 c157 c162 c161 c324 c489 c580 c818
p21698
c243 c277 c98 c875 c33 c150 c576 c108 c40 c367 c55 c449 c163 c252 c848 c577 c69
p6217
c458 c654 c205 c831 c599 c183 c956 c303 c987 c559 c761 c655 c64 c40 c715 c512 c648 c953 c17 c581 c857
p20228
c262 c169 c717 c24 c324 c205 c528 c533 c846 c903
p2649
c61 c847 c907 c494 c853 c504 c278 c339 c463 c213 c787 c589 c35 c243 c433 c98 c668
p19856
c58 c880 c183 c124 c275 c201 c831 c703 c678 c724 c685 c580 c511 c158 c578 c161 c351
p20800
c339 c581 c665 c725 c278 c636 c987 c556 c724 c824 c4 c883 c543 c57 c576 c954 c832 c149 c249 c668 c108 c518 c346 c252 c828 c478
p14057
c542 c69 c776 c326 c780 c35 c966 c67 c267 c130 c990 c458 c213 c673
p832
c411 c511 c398 c39 c803 c629 c747 c16 c300 c571 c120 c580 c351 c831
p13389
c278 c944 c655 c64 c908 c929 c462 c862 c427 c818 c108 c701 c409 c33 c578 c603 c163 c804 c393
p1781
c443 c354 c377 c659 c484 c250 c771 c115 c838 c653 c567 c84
p3572
c19 c824 c183 c280 c545 c526 c201 c763 c715 c138 c531 c149 c469 c147 c478 c685 c654
p20606
c133 c275 c867 c806 c166 c331 c784 c514 c23 c724 c261 c1 c944 c740
p18400
c216 c854 c30 c339 c771 c249 c893 c784 c88 c411
p16886
c634 c263 c751 c191 c521 c161 c278 c659 c887 c573 c140 c204 c793 c393 c355 c734 c153 c828 c144 c388 c148
p6033
c828 c771 c158 c495 c596 c494 c166 c971 c398 c598
p11591
c340 c153 c524 c392 c668 c948 c661 c230 c77 c147 c294 c880 c721 c216 c136 c757 c500 c818 c58 c120 c656 c994 c280 c398
p21451
c954 c847 c716 c44 c598 c655 c466 c601 c715 c4 c819 c98 c703 c347 c187 c474 c670
p22258
c283 c578 c27 c589 c826 c934 c824 c482 c887 c493 c728 c603 c271 c842 c508 c48 c771 c566 c179 c519 c252 c149
p8505
c556 c229 c222 c910 c249 c223 c136 c275 c807 c117 c427 c183 c231
p24843
c263 c841 c153 c289 c293 c828 c519 c721 c918 c239 c278 c567 c589 c724 c885 c294 c252
p17291
c239 c178 c862 c398 c159 c646 c201 c19 c857 c566 c275 c210
p16265
c44 c145 c728 c147 c578 c486 c912 c632 c84 c828 c818 c393 c566 c546 c665 c286 c908 c838 c644 c893 c70
p4171
c577 c947 c19 c580 c685 c771 c757 c108 c280 c59 c999 c661 c698 c98 c824 c808 c494 c699 c984
p7018
c463 c236 c288 c994 c275 c183 c725 c571 c393 c478 c86 c823 c44 c692 c761
p16576
c906 c803 c300 c588 c834 c757 c489 c650 c685 c867 c655 c756 c98 c665 c252 c799
p5622
c588 c715 c893 c121 c564 c834 c665 c210 c252 c76 c331 c159 c906 c437 c1 c236 c150 c7
p5029
c948 c838 c367 c493 c173 c787 c650 c717 c202 c956 c808 c77 c307 c827 c158 c44 c622 c376 c892 c467 c739 c536 c556 c703 c953 c383 c23
p18839
c117 c670 c169 c476 c947 c230 c531 c227 c496 c478 c20 c166 c824 c149 c608 c161 c178 c655
p18668
c724 c33 c16 c32 c632 c551 c466 c851 c24 c162 c280
p18472
c26 c98 c828 c804 c411 c599 c885 c768 c57 c956 c205 c340 c147 c862 c573 c358 c848 c838 c398 c453 c823 c953
p11168
c492 c279 c59 c149 c393 c147 c875 c120 c355 c576 c536 c24 c481 c309 c294 c358 c161 c918
p15485
c953 c987 c669 c701 c398 c367 c180 c846 c570 c195 c70 c494 c580
p18101
c806 c504 c278 c761 c828 c168 c854 c520 c100 c558 c478 c205 c140 c489 c909 c808 c887
p22552
c566 c603 c198 c0 c824 c903 c262 c944 c685 c230 c908 c851 c812 c377
p6999
c747 c824 c862 c955 c58 c262 c663 c16 c274 c740 c7 c437
p11724
c828 c808 c655 c826 c289 c514 c580 c988 c457 c158 c169 c664 c637 c183 c659 c572 c564 c812 c818 c280 c803 c61 c840 c577 c205
p14108
c908 c747 c324 c576 c486 c574 c100 c984 c37 c147 c252 c508 c652
p19801
c303 c824 c893 c198 c588 c230 c559 c44 c951 c263 c120 c984 c566 c229 c898 c23 c842 c77 c808 c115 c262 c19 c942 c700 c955 c24 c340
p8242
c162 c593 c510 c653 c650 c908 c696 c636 c831 c520 c17 c13 c761 c41 c205 c551 c791 c859 c787 c195 c934 c661 c933 c887 c803 c840 c469
p4795
c533 c564 c55 c173 c44 c637 c351 c113 c808 c180 c129 c804 c678 c297 c183 c16 c696 c272
p73
c566 c7 c715 c37 c724 c32 c561 c262 c827 c289 c546 c862
p1692
c275 c73 c100 c263 c944 c354 c41 c743 c169 c210 c121 c887 c925 c787
p5881
c379 c88 c860 c578 c158 c543 c34 c636 c178 c893 c89 c77 c594 c32 c279 c659 c159 c358 c494 c180 c228 c150 c665 c862 c903 c833 c859
